{"/home/ubuntu/sistem-administrasi-kampus/backend/server.js": {"path":"/home/ubuntu/sistem-administrasi-kampus/backend/server.js","statementMap":{"0":{"start":{"line":1,"column":16},"end":{"line":1,"column":34}},"1":{"start":{"line":2,"column":13},"end":{"line":2,"column":28}},"2":{"start":{"line":3,"column":15},"end":{"line":3,"column":32}},"3":{"start":{"line":4,"column":18},"end":{"line":4,"column":47}},"4":{"start":{"line":5,"column":0},"end":{"line":5,"column":27}},"5":{"start":{"line":7,"column":41},"end":{"line":7,"column":60}},"6":{"start":{"line":8,"column":19},"end":{"line":8,"column":49}},"7":{"start":{"line":9,"column":21},"end":{"line":9,"column":53}},"8":{"start":{"line":11,"column":12},"end":{"line":11,"column":21}},"9":{"start":{"line":12,"column":13},"end":{"line":12,"column":37}},"10":{"start":{"line":15,"column":0},"end":{"line":15,"column":18}},"11":{"start":{"line":16,"column":0},"end":{"line":16,"column":16}},"12":{"start":{"line":19,"column":16},"end":{"line":23,"column":2}},"13":{"start":{"line":24,"column":0},"end":{"line":24,"column":26}},"14":{"start":{"line":27,"column":0},"end":{"line":27,"column":24}},"15":{"start":{"line":28,"column":0},"end":{"line":28,"column":48}},"16":{"start":{"line":31,"column":0},"end":{"line":37,"column":3}},"17":{"start":{"line":32,"column":2},"end":{"line":36,"column":5}},"18":{"start":{"line":40,"column":0},"end":{"line":40,"column":33}},"19":{"start":{"line":41,"column":0},"end":{"line":41,"column":38}},"20":{"start":{"line":44,"column":0},"end":{"line":49,"column":3}},"21":{"start":{"line":45,"column":2},"end":{"line":48,"column":5}},"22":{"start":{"line":52,"column":0},"end":{"line":59,"column":3}},"23":{"start":{"line":53,"column":2},"end":{"line":53,"column":31}},"24":{"start":{"line":54,"column":2},"end":{"line":58,"column":5}},"25":{"start":{"line":62,"column":20},"end":{"line":76,"column":1}},"26":{"start":{"line":63,"column":2},"end":{"line":75,"column":3}},"27":{"start":{"line":64,"column":4},"end":{"line":64,"column":27}},"28":{"start":{"line":65,"column":4},"end":{"line":65,"column":25}},"29":{"start":{"line":67,"column":4},"end":{"line":71,"column":7}},"30":{"start":{"line":68,"column":6},"end":{"line":68,"column":55}},"31":{"start":{"line":69,"column":6},"end":{"line":69,"column":61}},"32":{"start":{"line":70,"column":6},"end":{"line":70,"column":70}},"33":{"start":{"line":73,"column":4},"end":{"line":73,"column":52}},"34":{"start":{"line":74,"column":4},"end":{"line":74,"column":20}},"35":{"start":{"line":79,"column":0},"end":{"line":81,"column":1}},"36":{"start":{"line":80,"column":2},"end":{"line":80,"column":16}},"37":{"start":{"line":83,"column":0},"end":{"line":83,"column":21}}},"fnMap":{"0":{"name":"(anonymous_0)","decl":{"start":{"line":31,"column":19},"end":{"line":31,"column":20}},"loc":{"start":{"line":31,"column":33},"end":{"line":37,"column":1}},"line":31},"1":{"name":"(anonymous_1)","decl":{"start":{"line":44,"column":8},"end":{"line":44,"column":9}},"loc":{"start":{"line":44,"column":22},"end":{"line":49,"column":1}},"line":44},"2":{"name":"(anonymous_2)","decl":{"start":{"line":52,"column":8},"end":{"line":52,"column":9}},"loc":{"start":{"line":52,"column":33},"end":{"line":59,"column":1}},"line":52},"3":{"name":"(anonymous_3)","decl":{"start":{"line":62,"column":20},"end":{"line":62,"column":21}},"loc":{"start":{"line":62,"column":32},"end":{"line":76,"column":1}},"line":62},"4":{"name":"(anonymous_4)","decl":{"start":{"line":67,"column":21},"end":{"line":67,"column":22}},"loc":{"start":{"line":67,"column":27},"end":{"line":71,"column":5}},"line":67}},"branchMap":{"0":{"loc":{"start":{"line":12,"column":13},"end":{"line":12,"column":37}},"type":"binary-expr","locations":[{"start":{"line":12,"column":13},"end":{"line":12,"column":29}},{"start":{"line":12,"column":33},"end":{"line":12,"column":37}}],"line":12},"1":{"loc":{"start":{"line":20,"column":12},"end":{"line":20,"column":72}},"type":"binary-expr","locations":[{"start":{"line":20,"column":12},"end":{"line":20,"column":54}},{"start":{"line":20,"column":58},"end":{"line":20,"column":72}}],"line":20},"2":{"loc":{"start":{"line":21,"column":7},"end":{"line":21,"column":59}},"type":"binary-expr","locations":[{"start":{"line":21,"column":7},"end":{"line":21,"column":52}},{"start":{"line":21,"column":56},"end":{"line":21,"column":59}}],"line":21},"3":{"loc":{"start":{"line":54,"column":13},"end":{"line":54,"column":30}},"type":"binary-expr","locations":[{"start":{"line":54,"column":13},"end":{"line":54,"column":23}},{"start":{"line":54,"column":27},"end":{"line":54,"column":30}}],"line":54},"4":{"loc":{"start":{"line":56,"column":13},"end":{"line":56,"column":51}},"type":"binary-expr","locations":[{"start":{"line":56,"column":13},"end":{"line":56,"column":24}},{"start":{"line":56,"column":28},"end":{"line":56,"column":51}}],"line":56},"5":{"loc":{"start":{"line":57,"column":11},"end":{"line":57,"column":60}},"type":"cond-expr","locations":[{"start":{"line":57,"column":52},"end":{"line":57,"column":55}},{"start":{"line":57,"column":58},"end":{"line":57,"column":60}}],"line":57},"6":{"loc":{"start":{"line":79,"column":0},"end":{"line":81,"column":1}},"type":"if","locations":[{"start":{"line":79,"column":0},"end":{"line":81,"column":1}},{"start":{},"end":{}}],"line":79}},"s":{"0":2,"1":2,"2":2,"3":2,"4":2,"5":2,"6":2,"7":2,"8":2,"9":2,"10":2,"11":2,"12":2,"13":2,"14":2,"15":2,"16":2,"17":1,"18":2,"19":2,"20":2,"21":0,"22":2,"23":0,"24":0,"25":2,"26":0,"27":0,"28":0,"29":0,"30":0,"31":0,"32":0,"33":0,"34":0,"35":2,"36":0,"37":2},"f":{"0":1,"1":0,"2":0,"3":0,"4":0},"b":{"0":[2,0],"1":[2,0],"2":[2,0],"3":[0,0],"4":[0,0],"5":[0,0],"6":[0,2]},"_coverageSchema":"1a1c01bbd47fc00a2c39e90264f33305004495a9","hash":"34d4807e21075cde263af6c0fd47d0024b188f1a"}
,"/home/ubuntu/sistem-administrasi-kampus/backend/config/database.js": {"path":"/home/ubuntu/sistem-administrasi-kampus/backend/config/database.js","statementMap":{"0":{"start":{"line":1,"column":22},"end":{"line":1,"column":42}},"1":{"start":{"line":2,"column":0},"end":{"line":2,"column":27}},"2":{"start":{"line":5,"column":18},"end":{"line":13,"column":2}},"3":{"start":{"line":16,"column":23},"end":{"line":23,"column":1}},"4":{"start":{"line":17,"column":2},"end":{"line":22,"column":3}},"5":{"start":{"line":18,"column":4},"end":{"line":18,"column":35}},"6":{"start":{"line":19,"column":4},"end":{"line":19,"column":67}},"7":{"start":{"line":21,"column":4},"end":{"line":21,"column":65}},"8":{"start":{"line":25,"column":0},"end":{"line":25,"column":47}}},"fnMap":{"0":{"name":"(anonymous_0)","decl":{"start":{"line":16,"column":23},"end":{"line":16,"column":24}},"loc":{"start":{"line":16,"column":35},"end":{"line":23,"column":1}},"line":16}},"branchMap":{},"s":{"0":2,"1":2,"2":2,"3":2,"4":0,"5":0,"6":0,"7":0,"8":2},"f":{"0":0},"b":{},"_coverageSchema":"1a1c01bbd47fc00a2c39e90264f33305004495a9","hash":"cae369d537033a5fa89282ebc1e48487a9139509"}
,"/home/ubuntu/sistem-administrasi-kampus/backend/config/letterTypes.js": {"path":"/home/ubuntu/sistem-administrasi-kampus/backend/config/letterTypes.js","statementMap":{"0":{"start":{"line":6,"column":20},"end":{"line":193,"column":1}},"1":{"start":{"line":200,"column":28},"end":{"line":202,"column":1}},"2":{"start":{"line":201,"column":2},"end":{"line":201,"column":62}},"3":{"start":{"line":201,"column":34},"end":{"line":201,"column":52}},"4":{"start":{"line":208,"column":26},"end":{"line":210,"column":1}},"5":{"start":{"line":209,"column":2},"end":{"line":209,"column":21}},"6":{"start":{"line":217,"column":26},"end":{"line":219,"column":1}},"7":{"start":{"line":218,"column":2},"end":{"line":218,"column":54}},"8":{"start":{"line":218,"column":34},"end":{"line":218,"column":52}},"9":{"start":{"line":221,"column":0},"end":{"line":226,"column":2}}},"fnMap":{"0":{"name":"(anonymous_0)","decl":{"start":{"line":200,"column":28},"end":{"line":200,"column":29}},"loc":{"start":{"line":200,"column":38},"end":{"line":202,"column":1}},"line":200},"1":{"name":"(anonymous_1)","decl":{"start":{"line":201,"column":26},"end":{"line":201,"column":27}},"loc":{"start":{"line":201,"column":34},"end":{"line":201,"column":52}},"line":201},"2":{"name":"(anonymous_2)","decl":{"start":{"line":208,"column":26},"end":{"line":208,"column":27}},"loc":{"start":{"line":208,"column":32},"end":{"line":210,"column":1}},"line":208},"3":{"name":"(anonymous_3)","decl":{"start":{"line":217,"column":26},"end":{"line":217,"column":27}},"loc":{"start":{"line":217,"column":36},"end":{"line":219,"column":1}},"line":217},"4":{"name":"(anonymous_4)","decl":{"start":{"line":218,"column":26},"end":{"line":218,"column":27}},"loc":{"start":{"line":218,"column":34},"end":{"line":218,"column":52}},"line":218}},"branchMap":{"0":{"loc":{"start":{"line":201,"column":9},"end":{"line":201,"column":61}},"type":"binary-expr","locations":[{"start":{"line":201,"column":9},"end":{"line":201,"column":53}},{"start":{"line":201,"column":57},"end":{"line":201,"column":61}}],"line":201}},"s":{"0":2,"1":2,"2":10,"3":250,"4":2,"5":1,"6":2,"7":10,"8":250,"9":2},"f":{"0":10,"1":250,"2":1,"3":10,"4":250},"b":{"0":[10,0]},"_coverageSchema":"1a1c01bbd47fc00a2c39e90264f33305004495a9","hash":"8aa9d136def304223867323fb52c180fc0faa1bb"}
,"/home/ubuntu/sistem-administrasi-kampus/backend/controllers/authController.js": {"path":"/home/ubuntu/sistem-administrasi-kampus/backend/controllers/authController.js","statementMap":{"0":{"start":{"line":1,"column":17},"end":{"line":1,"column":37}},"1":{"start":{"line":2,"column":26},"end":{"line":2,"column":49}},"2":{"start":{"line":3,"column":29},"end":{"line":3,"column":57}},"3":{"start":{"line":9,"column":17},"end":{"line":84,"column":1}},"4":{"start":{"line":10,"column":2},"end":{"line":83,"column":3}},"5":{"start":{"line":12,"column":19},"end":{"line":12,"column":40}},"6":{"start":{"line":13,"column":4},"end":{"line":19,"column":5}},"7":{"start":{"line":14,"column":6},"end":{"line":18,"column":9}},"8":{"start":{"line":21,"column":61},"end":{"line":21,"column":69}},"9":{"start":{"line":24,"column":25},"end":{"line":24,"column":65}},"10":{"start":{"line":25,"column":4},"end":{"line":30,"column":5}},"11":{"start":{"line":26,"column":6},"end":{"line":29,"column":9}},"12":{"start":{"line":33,"column":4},"end":{"line":41,"column":5}},"13":{"start":{"line":34,"column":26},"end":{"line":34,"column":64}},"14":{"start":{"line":35,"column":6},"end":{"line":40,"column":7}},"15":{"start":{"line":36,"column":8},"end":{"line":39,"column":11}},"16":{"start":{"line":44,"column":4},"end":{"line":52,"column":5}},"17":{"start":{"line":45,"column":26},"end":{"line":45,"column":64}},"18":{"start":{"line":46,"column":6},"end":{"line":51,"column":7}},"19":{"start":{"line":47,"column":8},"end":{"line":50,"column":11}},"20":{"start":{"line":55,"column":17},"end":{"line":63,"column":6}},"21":{"start":{"line":66,"column":18},"end":{"line":66,"column":69}},"22":{"start":{"line":68,"column":4},"end":{"line":75,"column":7}},"23":{"start":{"line":77,"column":4},"end":{"line":77,"column":44}},"24":{"start":{"line":78,"column":4},"end":{"line":82,"column":7}},"25":{"start":{"line":90,"column":14},"end":{"line":149,"column":1}},"26":{"start":{"line":91,"column":2},"end":{"line":148,"column":3}},"27":{"start":{"line":93,"column":19},"end":{"line":93,"column":40}},"28":{"start":{"line":94,"column":4},"end":{"line":100,"column":5}},"29":{"start":{"line":95,"column":6},"end":{"line":99,"column":9}},"30":{"start":{"line":102,"column":32},"end":{"line":102,"column":40}},"31":{"start":{"line":105,"column":17},"end":{"line":105,"column":57}},"32":{"start":{"line":106,"column":4},"end":{"line":111,"column":5}},"33":{"start":{"line":107,"column":6},"end":{"line":110,"column":9}},"34":{"start":{"line":114,"column":4},"end":{"line":119,"column":5}},"35":{"start":{"line":115,"column":6},"end":{"line":118,"column":9}},"36":{"start":{"line":122,"column":28},"end":{"line":122,"column":64}},"37":{"start":{"line":123,"column":4},"end":{"line":128,"column":5}},"38":{"start":{"line":124,"column":6},"end":{"line":127,"column":9}},"39":{"start":{"line":131,"column":18},"end":{"line":131,"column":69}},"40":{"start":{"line":133,"column":4},"end":{"line":140,"column":7}},"41":{"start":{"line":142,"column":4},"end":{"line":142,"column":41}},"42":{"start":{"line":143,"column":4},"end":{"line":147,"column":7}},"43":{"start":{"line":155,"column":14},"end":{"line":171,"column":1}},"44":{"start":{"line":156,"column":2},"end":{"line":170,"column":3}},"45":{"start":{"line":157,"column":4},"end":{"line":162,"column":7}},"46":{"start":{"line":164,"column":4},"end":{"line":164,"column":42}},"47":{"start":{"line":165,"column":4},"end":{"line":169,"column":7}},"48":{"start":{"line":177,"column":15},"end":{"line":195,"column":1}},"49":{"start":{"line":178,"column":2},"end":{"line":194,"column":3}},"50":{"start":{"line":183,"column":4},"end":{"line":186,"column":7}},"51":{"start":{"line":188,"column":4},"end":{"line":188,"column":42}},"52":{"start":{"line":189,"column":4},"end":{"line":193,"column":7}},"53":{"start":{"line":197,"column":0},"end":{"line":202,"column":2}}},"fnMap":{"0":{"name":"(anonymous_0)","decl":{"start":{"line":9,"column":17},"end":{"line":9,"column":18}},"loc":{"start":{"line":9,"column":37},"end":{"line":84,"column":1}},"line":9},"1":{"name":"(anonymous_1)","decl":{"start":{"line":90,"column":14},"end":{"line":90,"column":15}},"loc":{"start":{"line":90,"column":34},"end":{"line":149,"column":1}},"line":90},"2":{"name":"(anonymous_2)","decl":{"start":{"line":155,"column":14},"end":{"line":155,"column":15}},"loc":{"start":{"line":155,"column":34},"end":{"line":171,"column":1}},"line":155},"3":{"name":"(anonymous_3)","decl":{"start":{"line":177,"column":15},"end":{"line":177,"column":16}},"loc":{"start":{"line":177,"column":35},"end":{"line":195,"column":1}},"line":177}},"branchMap":{"0":{"loc":{"start":{"line":13,"column":4},"end":{"line":19,"column":5}},"type":"if","locations":[{"start":{"line":13,"column":4},"end":{"line":19,"column":5}},{"start":{},"end":{}}],"line":13},"1":{"loc":{"start":{"line":25,"column":4},"end":{"line":30,"column":5}},"type":"if","locations":[{"start":{"line":25,"column":4},"end":{"line":30,"column":5}},{"start":{},"end":{}}],"line":25},"2":{"loc":{"start":{"line":33,"column":4},"end":{"line":41,"column":5}},"type":"if","locations":[{"start":{"line":33,"column":4},"end":{"line":41,"column":5}},{"start":{},"end":{}}],"line":33},"3":{"loc":{"start":{"line":35,"column":6},"end":{"line":40,"column":7}},"type":"if","locations":[{"start":{"line":35,"column":6},"end":{"line":40,"column":7}},{"start":{},"end":{}}],"line":35},"4":{"loc":{"start":{"line":44,"column":4},"end":{"line":52,"column":5}},"type":"if","locations":[{"start":{"line":44,"column":4},"end":{"line":52,"column":5}},{"start":{},"end":{}}],"line":44},"5":{"loc":{"start":{"line":46,"column":6},"end":{"line":51,"column":7}},"type":"if","locations":[{"start":{"line":46,"column":6},"end":{"line":51,"column":7}},{"start":{},"end":{}}],"line":46},"6":{"loc":{"start":{"line":59,"column":12},"end":{"line":59,"column":29}},"type":"binary-expr","locations":[{"start":{"line":59,"column":12},"end":{"line":59,"column":16}},{"start":{"line":59,"column":20},"end":{"line":59,"column":29}}],"line":59},"7":{"loc":{"start":{"line":94,"column":4},"end":{"line":100,"column":5}},"type":"if","locations":[{"start":{"line":94,"column":4},"end":{"line":100,"column":5}},{"start":{},"end":{}}],"line":94},"8":{"loc":{"start":{"line":106,"column":4},"end":{"line":111,"column":5}},"type":"if","locations":[{"start":{"line":106,"column":4},"end":{"line":111,"column":5}},{"start":{},"end":{}}],"line":106},"9":{"loc":{"start":{"line":114,"column":4},"end":{"line":119,"column":5}},"type":"if","locations":[{"start":{"line":114,"column":4},"end":{"line":119,"column":5}},{"start":{},"end":{}}],"line":114},"10":{"loc":{"start":{"line":123,"column":4},"end":{"line":128,"column":5}},"type":"if","locations":[{"start":{"line":123,"column":4},"end":{"line":128,"column":5}},{"start":{},"end":{}}],"line":123}},"s":{"0":2,"1":2,"2":2,"3":2,"4":6,"5":6,"6":6,"7":1,"8":5,"9":5,"10":5,"11":1,"12":4,"13":2,"14":2,"15":0,"16":4,"17":1,"18":1,"19":0,"20":4,"21":4,"22":4,"23":0,"24":0,"25":2,"26":6,"27":6,"28":6,"29":0,"30":6,"31":6,"32":6,"33":1,"34":5,"35":0,"36":5,"37":5,"38":1,"39":4,"40":4,"41":0,"42":0,"43":2,"44":3,"45":3,"46":0,"47":0,"48":2,"49":1,"50":1,"51":0,"52":0,"53":2},"f":{"0":6,"1":6,"2":3,"3":1},"b":{"0":[1,5],"1":[1,4],"2":[2,2],"3":[0,2],"4":[1,3],"5":[0,1],"6":[4,0],"7":[0,6],"8":[1,5],"9":[0,5],"10":[1,4]},"_coverageSchema":"1a1c01bbd47fc00a2c39e90264f33305004495a9","hash":"519203b0e94eb223765fe87301bd85c4f6de43fa"}
,"/home/ubuntu/sistem-administrasi-kampus/backend/controllers/letterController.js": {"path":"/home/ubuntu/sistem-administrasi-kampus/backend/controllers/letterController.js","statementMap":{"0":{"start":{"line":1,"column":25},"end":{"line":1,"column":45}},"1":{"start":{"line":2,"column":29},"end":{"line":2,"column":57}},"2":{"start":{"line":3,"column":51},"end":{"line":3,"column":83}},"3":{"start":{"line":9,"column":21},"end":{"line":86,"column":1}},"4":{"start":{"line":10,"column":2},"end":{"line":85,"column":3}},"5":{"start":{"line":12,"column":19},"end":{"line":12,"column":40}},"6":{"start":{"line":13,"column":4},"end":{"line":19,"column":5}},"7":{"start":{"line":14,"column":6},"end":{"line":18,"column":9}},"8":{"start":{"line":21,"column":59},"end":{"line":21,"column":67}},"9":{"start":{"line":24,"column":4},"end":{"line":29,"column":5}},"10":{"start":{"line":25,"column":6},"end":{"line":28,"column":9}},"11":{"start":{"line":32,"column":27},"end":{"line":32,"column":58}},"12":{"start":{"line":35,"column":4},"end":{"line":47,"column":5}},"13":{"start":{"line":36,"column":28},"end":{"line":38,"column":7}},"14":{"start":{"line":37,"column":17},"end":{"line":37,"column":58}},"15":{"start":{"line":40,"column":6},"end":{"line":46,"column":7}},"16":{"start":{"line":41,"column":8},"end":{"line":45,"column":11}},"17":{"start":{"line":50,"column":19},"end":{"line":57,"column":6}},"18":{"start":{"line":60,"column":27},"end":{"line":68,"column":6}},"19":{"start":{"line":70,"column":4},"end":{"line":77,"column":7}},"20":{"start":{"line":79,"column":4},"end":{"line":79,"column":49}},"21":{"start":{"line":80,"column":4},"end":{"line":84,"column":7}},"22":{"start":{"line":92,"column":19},"end":{"line":160,"column":1}},"23":{"start":{"line":93,"column":2},"end":{"line":159,"column":3}},"24":{"start":{"line":94,"column":57},"end":{"line":94,"column":66}},"25":{"start":{"line":95,"column":19},"end":{"line":95,"column":37}},"26":{"start":{"line":98,"column":18},"end":{"line":98,"column":20}},"27":{"start":{"line":101,"column":4},"end":{"line":103,"column":5}},"28":{"start":{"line":102,"column":6},"end":{"line":102,"column":33}},"29":{"start":{"line":105,"column":4},"end":{"line":107,"column":5}},"30":{"start":{"line":106,"column":6},"end":{"line":106,"column":28}},"31":{"start":{"line":109,"column":4},"end":{"line":111,"column":5}},"32":{"start":{"line":110,"column":6},"end":{"line":110,"column":36}},"33":{"start":{"line":114,"column":37},"end":{"line":138,"column":6}},"34":{"start":{"line":140,"column":4},"end":{"line":151,"column":7}},"35":{"start":{"line":153,"column":4},"end":{"line":153,"column":47}},"36":{"start":{"line":154,"column":4},"end":{"line":158,"column":7}},"37":{"start":{"line":166,"column":22},"end":{"line":224,"column":1}},"38":{"start":{"line":167,"column":2},"end":{"line":223,"column":3}},"39":{"start":{"line":168,"column":19},"end":{"line":168,"column":29}},"40":{"start":{"line":170,"column":19},"end":{"line":190,"column":6}},"41":{"start":{"line":192,"column":4},"end":{"line":197,"column":5}},"42":{"start":{"line":193,"column":6},"end":{"line":196,"column":9}},"43":{"start":{"line":200,"column":4},"end":{"line":205,"column":5}},"44":{"start":{"line":201,"column":6},"end":{"line":204,"column":9}},"45":{"start":{"line":207,"column":27},"end":{"line":207,"column":65}},"46":{"start":{"line":209,"column":4},"end":{"line":215,"column":7}},"47":{"start":{"line":217,"column":4},"end":{"line":217,"column":52}},"48":{"start":{"line":218,"column":4},"end":{"line":222,"column":7}},"49":{"start":{"line":230,"column":27},"end":{"line":322,"column":1}},"50":{"start":{"line":231,"column":2},"end":{"line":321,"column":3}},"51":{"start":{"line":232,"column":19},"end":{"line":232,"column":29}},"52":{"start":{"line":233,"column":40},"end":{"line":233,"column":48}},"53":{"start":{"line":236,"column":19},"end":{"line":236,"column":40}},"54":{"start":{"line":237,"column":4},"end":{"line":243,"column":5}},"55":{"start":{"line":238,"column":6},"end":{"line":242,"column":9}},"56":{"start":{"line":246,"column":4},"end":{"line":251,"column":5}},"57":{"start":{"line":247,"column":6},"end":{"line":250,"column":9}},"58":{"start":{"line":253,"column":19},"end":{"line":253,"column":44}},"59":{"start":{"line":255,"column":4},"end":{"line":260,"column":5}},"60":{"start":{"line":256,"column":6},"end":{"line":259,"column":9}},"61":{"start":{"line":263,"column":4},"end":{"line":268,"column":5}},"62":{"start":{"line":264,"column":6},"end":{"line":267,"column":9}},"63":{"start":{"line":271,"column":23},"end":{"line":271,"column":33}},"64":{"start":{"line":273,"column":4},"end":{"line":280,"column":5}},"65":{"start":{"line":274,"column":6},"end":{"line":274,"column":42}},"66":{"start":{"line":275,"column":6},"end":{"line":275,"column":41}},"67":{"start":{"line":276,"column":11},"end":{"line":280,"column":5}},"68":{"start":{"line":277,"column":6},"end":{"line":277,"column":42}},"69":{"start":{"line":278,"column":6},"end":{"line":278,"column":41}},"70":{"start":{"line":279,"column":6},"end":{"line":279,"column":51}},"71":{"start":{"line":282,"column":4},"end":{"line":282,"column":36}},"72":{"start":{"line":285,"column":26},"end":{"line":305,"column":6}},"73":{"start":{"line":307,"column":4},"end":{"line":313,"column":7}},"74":{"start":{"line":315,"column":4},"end":{"line":315,"column":56}},"75":{"start":{"line":316,"column":4},"end":{"line":320,"column":7}},"76":{"start":{"line":328,"column":21},"end":{"line":371,"column":1}},"77":{"start":{"line":329,"column":2},"end":{"line":370,"column":3}},"78":{"start":{"line":330,"column":19},"end":{"line":330,"column":29}},"79":{"start":{"line":332,"column":19},"end":{"line":332,"column":44}},"80":{"start":{"line":334,"column":4},"end":{"line":339,"column":5}},"81":{"start":{"line":335,"column":6},"end":{"line":338,"column":9}},"82":{"start":{"line":342,"column":4},"end":{"line":347,"column":5}},"83":{"start":{"line":343,"column":6},"end":{"line":346,"column":9}},"84":{"start":{"line":350,"column":4},"end":{"line":355,"column":5}},"85":{"start":{"line":351,"column":6},"end":{"line":354,"column":9}},"86":{"start":{"line":357,"column":4},"end":{"line":357,"column":27}},"87":{"start":{"line":359,"column":4},"end":{"line":362,"column":7}},"88":{"start":{"line":364,"column":4},"end":{"line":364,"column":49}},"89":{"start":{"line":365,"column":4},"end":{"line":369,"column":7}},"90":{"start":{"line":373,"column":0},"end":{"line":379,"column":2}}},"fnMap":{"0":{"name":"(anonymous_0)","decl":{"start":{"line":9,"column":21},"end":{"line":9,"column":22}},"loc":{"start":{"line":9,"column":41},"end":{"line":86,"column":1}},"line":9},"1":{"name":"(anonymous_1)","decl":{"start":{"line":37,"column":8},"end":{"line":37,"column":9}},"loc":{"start":{"line":37,"column":17},"end":{"line":37,"column":58}},"line":37},"2":{"name":"(anonymous_2)","decl":{"start":{"line":92,"column":19},"end":{"line":92,"column":20}},"loc":{"start":{"line":92,"column":39},"end":{"line":160,"column":1}},"line":92},"3":{"name":"(anonymous_3)","decl":{"start":{"line":166,"column":22},"end":{"line":166,"column":23}},"loc":{"start":{"line":166,"column":42},"end":{"line":224,"column":1}},"line":166},"4":{"name":"(anonymous_4)","decl":{"start":{"line":230,"column":27},"end":{"line":230,"column":28}},"loc":{"start":{"line":230,"column":47},"end":{"line":322,"column":1}},"line":230},"5":{"name":"(anonymous_5)","decl":{"start":{"line":328,"column":21},"end":{"line":328,"column":22}},"loc":{"start":{"line":328,"column":41},"end":{"line":371,"column":1}},"line":328}},"branchMap":{"0":{"loc":{"start":{"line":13,"column":4},"end":{"line":19,"column":5}},"type":"if","locations":[{"start":{"line":13,"column":4},"end":{"line":19,"column":5}},{"start":{},"end":{}}],"line":13},"1":{"loc":{"start":{"line":24,"column":4},"end":{"line":29,"column":5}},"type":"if","locations":[{"start":{"line":24,"column":4},"end":{"line":29,"column":5}},{"start":{},"end":{}}],"line":24},"2":{"loc":{"start":{"line":35,"column":4},"end":{"line":47,"column":5}},"type":"if","locations":[{"start":{"line":35,"column":4},"end":{"line":47,"column":5}},{"start":{},"end":{}}],"line":35},"3":{"loc":{"start":{"line":35,"column":8},"end":{"line":35,"column":81}},"type":"binary-expr","locations":[{"start":{"line":35,"column":8},"end":{"line":35,"column":37}},{"start":{"line":35,"column":41},"end":{"line":35,"column":81}}],"line":35},"4":{"loc":{"start":{"line":37,"column":17},"end":{"line":37,"column":58}},"type":"binary-expr","locations":[{"start":{"line":37,"column":17},"end":{"line":37,"column":32}},{"start":{"line":37,"column":36},"end":{"line":37,"column":58}}],"line":37},"5":{"loc":{"start":{"line":40,"column":6},"end":{"line":46,"column":7}},"type":"if","locations":[{"start":{"line":40,"column":6},"end":{"line":46,"column":7}},{"start":{},"end":{}}],"line":40},"6":{"loc":{"start":{"line":94,"column":32},"end":{"line":94,"column":40}},"type":"default-arg","locations":[{"start":{"line":94,"column":39},"end":{"line":94,"column":40}}],"line":94},"7":{"loc":{"start":{"line":94,"column":42},"end":{"line":94,"column":52}},"type":"default-arg","locations":[{"start":{"line":94,"column":50},"end":{"line":94,"column":52}}],"line":94},"8":{"loc":{"start":{"line":101,"column":4},"end":{"line":103,"column":5}},"type":"if","locations":[{"start":{"line":101,"column":4},"end":{"line":103,"column":5}},{"start":{},"end":{}}],"line":101},"9":{"loc":{"start":{"line":105,"column":4},"end":{"line":107,"column":5}},"type":"if","locations":[{"start":{"line":105,"column":4},"end":{"line":107,"column":5}},{"start":{},"end":{}}],"line":105},"10":{"loc":{"start":{"line":109,"column":4},"end":{"line":111,"column":5}},"type":"if","locations":[{"start":{"line":109,"column":4},"end":{"line":111,"column":5}},{"start":{},"end":{}}],"line":109},"11":{"loc":{"start":{"line":192,"column":4},"end":{"line":197,"column":5}},"type":"if","locations":[{"start":{"line":192,"column":4},"end":{"line":197,"column":5}},{"start":{},"end":{}}],"line":192},"12":{"loc":{"start":{"line":200,"column":4},"end":{"line":205,"column":5}},"type":"if","locations":[{"start":{"line":200,"column":4},"end":{"line":205,"column":5}},{"start":{},"end":{}}],"line":200},"13":{"loc":{"start":{"line":200,"column":8},"end":{"line":200,"column":68}},"type":"binary-expr","locations":[{"start":{"line":200,"column":8},"end":{"line":200,"column":35}},{"start":{"line":200,"column":39},"end":{"line":200,"column":68}}],"line":200},"14":{"loc":{"start":{"line":237,"column":4},"end":{"line":243,"column":5}},"type":"if","locations":[{"start":{"line":237,"column":4},"end":{"line":243,"column":5}},{"start":{},"end":{}}],"line":237},"15":{"loc":{"start":{"line":246,"column":4},"end":{"line":251,"column":5}},"type":"if","locations":[{"start":{"line":246,"column":4},"end":{"line":251,"column":5}},{"start":{},"end":{}}],"line":246},"16":{"loc":{"start":{"line":255,"column":4},"end":{"line":260,"column":5}},"type":"if","locations":[{"start":{"line":255,"column":4},"end":{"line":260,"column":5}},{"start":{},"end":{}}],"line":255},"17":{"loc":{"start":{"line":263,"column":4},"end":{"line":268,"column":5}},"type":"if","locations":[{"start":{"line":263,"column":4},"end":{"line":268,"column":5}},{"start":{},"end":{}}],"line":263},"18":{"loc":{"start":{"line":273,"column":4},"end":{"line":280,"column":5}},"type":"if","locations":[{"start":{"line":273,"column":4},"end":{"line":280,"column":5}},{"start":{"line":276,"column":11},"end":{"line":280,"column":5}}],"line":273},"19":{"loc":{"start":{"line":276,"column":11},"end":{"line":280,"column":5}},"type":"if","locations":[{"start":{"line":276,"column":11},"end":{"line":280,"column":5}},{"start":{},"end":{}}],"line":276},"20":{"loc":{"start":{"line":334,"column":4},"end":{"line":339,"column":5}},"type":"if","locations":[{"start":{"line":334,"column":4},"end":{"line":339,"column":5}},{"start":{},"end":{}}],"line":334},"21":{"loc":{"start":{"line":342,"column":4},"end":{"line":347,"column":5}},"type":"if","locations":[{"start":{"line":342,"column":4},"end":{"line":347,"column":5}},{"start":{},"end":{}}],"line":342},"22":{"loc":{"start":{"line":342,"column":8},"end":{"line":342,"column":68}},"type":"binary-expr","locations":[{"start":{"line":342,"column":8},"end":{"line":342,"column":35}},{"start":{"line":342,"column":39},"end":{"line":342,"column":68}}],"line":342},"23":{"loc":{"start":{"line":350,"column":4},"end":{"line":355,"column":5}},"type":"if","locations":[{"start":{"line":350,"column":4},"end":{"line":355,"column":5}},{"start":{},"end":{}}],"line":350}},"s":{"0":2,"1":2,"2":2,"3":2,"4":10,"5":10,"6":10,"7":0,"8":10,"9":10,"10":1,"11":9,"12":9,"13":9,"14":11,"15":9,"16":1,"17":8,"18":8,"19":8,"20":0,"21":0,"22":2,"23":3,"24":3,"25":3,"26":3,"27":3,"28":1,"29":3,"30":1,"31":3,"32":0,"33":3,"34":3,"35":0,"36":0,"37":2,"38":2,"39":2,"40":2,"41":2,"42":1,"43":1,"44":0,"45":1,"46":1,"47":0,"48":0,"49":2,"50":4,"51":4,"52":4,"53":4,"54":4,"55":1,"56":3,"57":0,"58":3,"59":3,"60":0,"61":3,"62":0,"63":3,"64":3,"65":2,"66":2,"67":1,"68":1,"69":1,"70":1,"71":3,"72":3,"73":3,"74":0,"75":0,"76":2,"77":2,"78":2,"79":2,"80":2,"81":0,"82":2,"83":0,"84":2,"85":1,"86":1,"87":1,"88":0,"89":0,"90":2},"f":{"0":10,"1":11,"2":3,"3":2,"4":4,"5":2},"b":{"0":[0,10],"1":[1,9],"2":[9,0],"3":[9,9],"4":[11,11],"5":[1,8],"6":[3],"7":[3],"8":[1,2],"9":[1,2],"10":[0,3],"11":[1,1],"12":[0,1],"13":[1,1],"14":[1,3],"15":[0,3],"16":[0,3],"17":[0,3],"18":[2,1],"19":[1,0],"20":[0,2],"21":[0,2],"22":[2,2],"23":[1,1]},"_coverageSchema":"1a1c01bbd47fc00a2c39e90264f33305004495a9","hash":"48fd36eac33537c66fdc2fbdd380834e20f34b01"}
,"/home/ubuntu/sistem-administrasi-kampus/backend/middleware/auth.js": {"path":"/home/ubuntu/sistem-administrasi-kampus/backend/middleware/auth.js","statementMap":{"0":{"start":{"line":1,"column":24},"end":{"line":1,"column":47}},"1":{"start":{"line":2,"column":17},"end":{"line":2,"column":37}},"2":{"start":{"line":7,"column":21},"end":{"line":44,"column":1}},"3":{"start":{"line":8,"column":2},"end":{"line":43,"column":3}},"4":{"start":{"line":10,"column":23},"end":{"line":10,"column":48}},"5":{"start":{"line":12,"column":4},"end":{"line":17,"column":5}},"6":{"start":{"line":13,"column":6},"end":{"line":16,"column":9}},"7":{"start":{"line":19,"column":18},"end":{"line":19,"column":42}},"8":{"start":{"line":22,"column":20},"end":{"line":22,"column":38}},"9":{"start":{"line":25,"column":17},"end":{"line":25,"column":52}},"10":{"start":{"line":27,"column":4},"end":{"line":32,"column":5}},"11":{"start":{"line":28,"column":6},"end":{"line":31,"column":9}},"12":{"start":{"line":35,"column":4},"end":{"line":35,"column":20}},"13":{"start":{"line":36,"column":4},"end":{"line":36,"column":11}},"14":{"start":{"line":38,"column":4},"end":{"line":42,"column":7}},"15":{"start":{"line":50,"column":18},"end":{"line":68,"column":1}},"16":{"start":{"line":51,"column":2},"end":{"line":67,"column":4}},"17":{"start":{"line":52,"column":4},"end":{"line":57,"column":5}},"18":{"start":{"line":53,"column":6},"end":{"line":56,"column":9}},"19":{"start":{"line":59,"column":4},"end":{"line":64,"column":5}},"20":{"start":{"line":60,"column":6},"end":{"line":63,"column":9}},"21":{"start":{"line":66,"column":4},"end":{"line":66,"column":11}},"22":{"start":{"line":70,"column":0},"end":{"line":73,"column":2}}},"fnMap":{"0":{"name":"(anonymous_0)","decl":{"start":{"line":7,"column":21},"end":{"line":7,"column":22}},"loc":{"start":{"line":7,"column":47},"end":{"line":44,"column":1}},"line":7},"1":{"name":"(anonymous_1)","decl":{"start":{"line":50,"column":18},"end":{"line":50,"column":19}},"loc":{"start":{"line":50,"column":32},"end":{"line":68,"column":1}},"line":50},"2":{"name":"(anonymous_2)","decl":{"start":{"line":51,"column":9},"end":{"line":51,"column":10}},"loc":{"start":{"line":51,"column":29},"end":{"line":67,"column":3}},"line":51}},"branchMap":{"0":{"loc":{"start":{"line":12,"column":4},"end":{"line":17,"column":5}},"type":"if","locations":[{"start":{"line":12,"column":4},"end":{"line":17,"column":5}},{"start":{},"end":{}}],"line":12},"1":{"loc":{"start":{"line":12,"column":8},"end":{"line":12,"column":56}},"type":"binary-expr","locations":[{"start":{"line":12,"column":8},"end":{"line":12,"column":19}},{"start":{"line":12,"column":23},"end":{"line":12,"column":56}}],"line":12},"2":{"loc":{"start":{"line":27,"column":4},"end":{"line":32,"column":5}},"type":"if","locations":[{"start":{"line":27,"column":4},"end":{"line":32,"column":5}},{"start":{},"end":{}}],"line":27},"3":{"loc":{"start":{"line":27,"column":8},"end":{"line":27,"column":31}},"type":"binary-expr","locations":[{"start":{"line":27,"column":8},"end":{"line":27,"column":13}},{"start":{"line":27,"column":17},"end":{"line":27,"column":31}}],"line":27},"4":{"loc":{"start":{"line":52,"column":4},"end":{"line":57,"column":5}},"type":"if","locations":[{"start":{"line":52,"column":4},"end":{"line":57,"column":5}},{"start":{},"end":{}}],"line":52},"5":{"loc":{"start":{"line":59,"column":4},"end":{"line":64,"column":5}},"type":"if","locations":[{"start":{"line":59,"column":4},"end":{"line":64,"column":5}},{"start":{},"end":{}}],"line":59}},"s":{"0":2,"1":2,"2":2,"3":32,"4":32,"5":32,"6":3,"7":29,"8":29,"9":28,"10":28,"11":0,"12":28,"13":28,"14":1,"15":2,"16":4,"17":16,"18":0,"19":16,"20":2,"21":14,"22":2},"f":{"0":32,"1":4,"2":16},"b":{"0":[3,29],"1":[32,29],"2":[0,28],"3":[28,28],"4":[0,16],"5":[2,14]},"_coverageSchema":"1a1c01bbd47fc00a2c39e90264f33305004495a9","hash":"f62235957d9671a89f8631011053f0608df3f895"}
,"/home/ubuntu/sistem-administrasi-kampus/backend/middleware/validators.js": {"path":"/home/ubuntu/sistem-administrasi-kampus/backend/middleware/validators.js","statementMap":{"0":{"start":{"line":1,"column":17},"end":{"line":1,"column":45}},"1":{"start":{"line":6,"column":27},"end":{"line":38,"column":1}},"2":{"start":{"line":43,"column":24},"end":{"line":51,"column":1}},"3":{"start":{"line":53,"column":0},"end":{"line":56,"column":2}}},"fnMap":{},"branchMap":{},"s":{"0":2,"1":2,"2":2,"3":2},"f":{},"b":{},"_coverageSchema":"1a1c01bbd47fc00a2c39e90264f33305004495a9","hash":"fb3f0c554c211f45e3f269de32d254f9177d2d68"}
,"/home/ubuntu/sistem-administrasi-kampus/backend/models/Letter.js": {"path":"/home/ubuntu/sistem-administrasi-kampus/backend/models/Letter.js","statementMap":{"0":{"start":{"line":1,"column":22},"end":{"line":1,"column":42}},"1":{"start":{"line":2,"column":22},"end":{"line":2,"column":51}},"2":{"start":{"line":4,"column":15},"end":{"line":90,"column":2}},"3":{"start":{"line":92,"column":0},"end":{"line":92,"column":24}}},"fnMap":{},"branchMap":{},"s":{"0":2,"1":2,"2":2,"3":2},"f":{},"b":{},"_coverageSchema":"1a1c01bbd47fc00a2c39e90264f33305004495a9","hash":"c66010173492fd6487f47115e8fc0d1b7ee0b0bd"}
,"/home/ubuntu/sistem-administrasi-kampus/backend/models/User.js": {"path":"/home/ubuntu/sistem-administrasi-kampus/backend/models/User.js","statementMap":{"0":{"start":{"line":1,"column":22},"end":{"line":1,"column":42}},"1":{"start":{"line":2,"column":22},"end":{"line":2,"column":51}},"2":{"start":{"line":3,"column":15},"end":{"line":3,"column":34}},"3":{"start":{"line":5,"column":13},"end":{"line":67,"column":2}},"4":{"start":{"line":55,"column":6},"end":{"line":58,"column":7}},"5":{"start":{"line":56,"column":21},"end":{"line":56,"column":45}},"6":{"start":{"line":57,"column":8},"end":{"line":57,"column":63}},"7":{"start":{"line":61,"column":6},"end":{"line":64,"column":7}},"8":{"start":{"line":62,"column":21},"end":{"line":62,"column":45}},"9":{"start":{"line":63,"column":8},"end":{"line":63,"column":63}},"10":{"start":{"line":70,"column":0},"end":{"line":72,"column":2}},"11":{"start":{"line":71,"column":2},"end":{"line":71,"column":64}},"12":{"start":{"line":75,"column":0},"end":{"line":79,"column":2}},"13":{"start":{"line":76,"column":17},"end":{"line":76,"column":34}},"14":{"start":{"line":77,"column":2},"end":{"line":77,"column":25}},"15":{"start":{"line":78,"column":2},"end":{"line":78,"column":16}},"16":{"start":{"line":81,"column":0},"end":{"line":81,"column":22}}},"fnMap":{"0":{"name":"(anonymous_0)","decl":{"start":{"line":54,"column":18},"end":{"line":54,"column":19}},"loc":{"start":{"line":54,"column":34},"end":{"line":59,"column":5}},"line":54},"1":{"name":"(anonymous_1)","decl":{"start":{"line":60,"column":18},"end":{"line":60,"column":19}},"loc":{"start":{"line":60,"column":34},"end":{"line":65,"column":5}},"line":60},"2":{"name":"(anonymous_2)","decl":{"start":{"line":70,"column":33},"end":{"line":70,"column":34}},"loc":{"start":{"line":70,"column":67},"end":{"line":72,"column":1}},"line":70},"3":{"name":"(anonymous_3)","decl":{"start":{"line":75,"column":24},"end":{"line":75,"column":25}},"loc":{"start":{"line":75,"column":35},"end":{"line":79,"column":1}},"line":75}},"branchMap":{"0":{"loc":{"start":{"line":55,"column":6},"end":{"line":58,"column":7}},"type":"if","locations":[{"start":{"line":55,"column":6},"end":{"line":58,"column":7}},{"start":{},"end":{}}],"line":55},"1":{"loc":{"start":{"line":61,"column":6},"end":{"line":64,"column":7}},"type":"if","locations":[{"start":{"line":61,"column":6},"end":{"line":64,"column":7}},{"start":{},"end":{}}],"line":61}},"s":{"0":2,"1":2,"2":2,"3":2,"4":4,"5":4,"6":4,"7":0,"8":0,"9":0,"10":2,"11":5,"12":2,"13":11,"14":11,"15":11,"16":2},"f":{"0":4,"1":0,"2":5,"3":11},"b":{"0":[4,0],"1":[0,0]},"_coverageSchema":"1a1c01bbd47fc00a2c39e90264f33305004495a9","hash":"8b752398b3a04ce29f45ab9ec83d73527809fde0"}
,"/home/ubuntu/sistem-administrasi-kampus/backend/models/index.js": {"path":"/home/ubuntu/sistem-administrasi-kampus/backend/models/index.js","statementMap":{"0":{"start":{"line":1,"column":22},"end":{"line":1,"column":51}},"1":{"start":{"line":2,"column":13},"end":{"line":2,"column":30}},"2":{"start":{"line":3,"column":15},"end":{"line":3,"column":34}},"3":{"start":{"line":6,"column":0},"end":{"line":6,"column":62}},"4":{"start":{"line":7,"column":0},"end":{"line":7,"column":61}},"5":{"start":{"line":9,"column":0},"end":{"line":9,"column":69}},"6":{"start":{"line":10,"column":0},"end":{"line":10,"column":69}},"7":{"start":{"line":12,"column":15},"end":{"line":15,"column":1}},"8":{"start":{"line":18,"column":21},"end":{"line":25,"column":1}},"9":{"start":{"line":19,"column":2},"end":{"line":24,"column":3}},"10":{"start":{"line":20,"column":4},"end":{"line":20,"column":36}},"11":{"start":{"line":21,"column":4},"end":{"line":21,"column":57}},"12":{"start":{"line":23,"column":4},"end":{"line":23,"column":60}},"13":{"start":{"line":27,"column":0},"end":{"line":31,"column":2}}},"fnMap":{"0":{"name":"(anonymous_0)","decl":{"start":{"line":18,"column":21},"end":{"line":18,"column":22}},"loc":{"start":{"line":18,"column":46},"end":{"line":25,"column":1}},"line":18}},"branchMap":{"0":{"loc":{"start":{"line":18,"column":28},"end":{"line":18,"column":41}},"type":"default-arg","locations":[{"start":{"line":18,"column":36},"end":{"line":18,"column":41}}],"line":18}},"s":{"0":2,"1":2,"2":2,"3":2,"4":2,"5":2,"6":2,"7":2,"8":2,"9":2,"10":2,"11":2,"12":0,"13":2},"f":{"0":2},"b":{"0":[0]},"_coverageSchema":"1a1c01bbd47fc00a2c39e90264f33305004495a9","hash":"374d573f1912d9712856d65bb8d742c50406c448"}
,"/home/ubuntu/sistem-administrasi-kampus/backend/routes/authRoutes.js": {"path":"/home/ubuntu/sistem-administrasi-kampus/backend/routes/authRoutes.js","statementMap":{"0":{"start":{"line":1,"column":16},"end":{"line":1,"column":34}},"1":{"start":{"line":2,"column":15},"end":{"line":2,"column":31}},"2":{"start":{"line":8,"column":4},"end":{"line":8,"column":44}},"3":{"start":{"line":9,"column":25},"end":{"line":9,"column":54}},"4":{"start":{"line":13,"column":4},"end":{"line":13,"column":39}},"5":{"start":{"line":16,"column":0},"end":{"line":16,"column":55}},"6":{"start":{"line":17,"column":0},"end":{"line":17,"column":46}},"7":{"start":{"line":20,"column":0},"end":{"line":20,"column":39}},"8":{"start":{"line":21,"column":0},"end":{"line":21,"column":45}},"9":{"start":{"line":23,"column":0},"end":{"line":23,"column":24}}},"fnMap":{},"branchMap":{},"s":{"0":2,"1":2,"2":2,"3":2,"4":2,"5":2,"6":2,"7":2,"8":2,"9":2},"f":{},"b":{},"_coverageSchema":"1a1c01bbd47fc00a2c39e90264f33305004495a9","hash":"a3a62aeb7ee8dfaf8598a0c21e012a57837b0b6d"}
,"/home/ubuntu/sistem-administrasi-kampus/backend/routes/letterRoutes.js": {"path":"/home/ubuntu/sistem-administrasi-kampus/backend/routes/letterRoutes.js","statementMap":{"0":{"start":{"line":1,"column":16},"end":{"line":1,"column":34}},"1":{"start":{"line":2,"column":15},"end":{"line":2,"column":31}},"2":{"start":{"line":9,"column":4},"end":{"line":9,"column":46}},"3":{"start":{"line":10,"column":36},"end":{"line":10,"column":65}},"4":{"start":{"line":11,"column":17},"end":{"line":11,"column":45}},"5":{"start":{"line":12,"column":30},"end":{"line":12,"column":62}},"6":{"start":{"line":15,"column":31},"end":{"line":31,"column":1}},"7":{"start":{"line":34,"column":31},"end":{"line":45,"column":1}},"8":{"start":{"line":40,"column":6},"end":{"line":42,"column":7}},"9":{"start":{"line":41,"column":8},"end":{"line":41,"column":80}},"10":{"start":{"line":43,"column":6},"end":{"line":43,"column":18}},"11":{"start":{"line":48,"column":0},"end":{"line":55,"column":3}},"12":{"start":{"line":49,"column":2},"end":{"line":54,"column":5}},"13":{"start":{"line":58,"column":0},"end":{"line":58,"column":91}},"14":{"start":{"line":61,"column":0},"end":{"line":61,"column":42}},"15":{"start":{"line":64,"column":0},"end":{"line":64,"column":48}},"16":{"start":{"line":67,"column":0},"end":{"line":67,"column":118}},"17":{"start":{"line":70,"column":0},"end":{"line":70,"column":50}},"18":{"start":{"line":72,"column":0},"end":{"line":72,"column":24}}},"fnMap":{"0":{"name":"(anonymous_0)","decl":{"start":{"line":39,"column":12},"end":{"line":39,"column":13}},"loc":{"start":{"line":39,"column":32},"end":{"line":44,"column":5}},"line":39},"1":{"name":"(anonymous_1)","decl":{"start":{"line":48,"column":35},"end":{"line":48,"column":36}},"loc":{"start":{"line":48,"column":49},"end":{"line":55,"column":1}},"line":48}},"branchMap":{"0":{"loc":{"start":{"line":40,"column":6},"end":{"line":42,"column":7}},"type":"if","locations":[{"start":{"line":40,"column":6},"end":{"line":42,"column":7}},{"start":{},"end":{}}],"line":40},"1":{"loc":{"start":{"line":40,"column":10},"end":{"line":40,"column":50}},"type":"binary-expr","locations":[{"start":{"line":40,"column":10},"end":{"line":40,"column":40}},{"start":{"line":40,"column":44},"end":{"line":40,"column":50}}],"line":40}},"s":{"0":2,"1":2,"2":2,"3":2,"4":2,"5":2,"6":2,"7":2,"8":4,"9":1,"10":3,"11":2,"12":1,"13":2,"14":2,"15":2,"16":2,"17":2,"18":2},"f":{"0":4,"1":1},"b":{"0":[1,3],"1":[4,2]},"_coverageSchema":"1a1c01bbd47fc00a2c39e90264f33305004495a9","hash":"a081fb222413200c63e775d914f0b8a628b39aa7"}
,"/home/ubuntu/sistem-administrasi-kampus/backend/utils/jwt.js": {"path":"/home/ubuntu/sistem-administrasi-kampus/backend/utils/jwt.js","statementMap":{"0":{"start":{"line":1,"column":12},"end":{"line":1,"column":35}},"1":{"start":{"line":2,"column":0},"end":{"line":2,"column":27}},"2":{"start":{"line":4,"column":19},"end":{"line":4,"column":66}},"3":{"start":{"line":5,"column":19},"end":{"line":5,"column":49}},"4":{"start":{"line":12,"column":22},"end":{"line":16,"column":1}},"5":{"start":{"line":13,"column":2},"end":{"line":15,"column":5}},"6":{"start":{"line":23,"column":20},"end":{"line":29,"column":1}},"7":{"start":{"line":24,"column":2},"end":{"line":28,"column":3}},"8":{"start":{"line":25,"column":4},"end":{"line":25,"column":41}},"9":{"start":{"line":27,"column":4},"end":{"line":27,"column":48}},"10":{"start":{"line":31,"column":0},"end":{"line":34,"column":2}}},"fnMap":{"0":{"name":"(anonymous_0)","decl":{"start":{"line":12,"column":22},"end":{"line":12,"column":23}},"loc":{"start":{"line":12,"column":35},"end":{"line":16,"column":1}},"line":12},"1":{"name":"(anonymous_1)","decl":{"start":{"line":23,"column":20},"end":{"line":23,"column":21}},"loc":{"start":{"line":23,"column":31},"end":{"line":29,"column":1}},"line":23}},"branchMap":{"0":{"loc":{"start":{"line":4,"column":19},"end":{"line":4,"column":66}},"type":"binary-expr","locations":[{"start":{"line":4,"column":19},"end":{"line":4,"column":41}},{"start":{"line":4,"column":45},"end":{"line":4,"column":66}}],"line":4},"1":{"loc":{"start":{"line":5,"column":19},"end":{"line":5,"column":49}},"type":"binary-expr","locations":[{"start":{"line":5,"column":19},"end":{"line":5,"column":41}},{"start":{"line":5,"column":45},"end":{"line":5,"column":49}}],"line":5}},"s":{"0":2,"1":2,"2":2,"3":2,"4":2,"5":8,"6":2,"7":29,"8":29,"9":1,"10":2},"f":{"0":8,"1":29},"b":{"0":[2,0],"1":[2,0]},"_coverageSchema":"1a1c01bbd47fc00a2c39e90264f33305004495a9","hash":"b5b1258939d50822f95635b19f7592fece494afd"}
}
