{"/home/ubuntu/sistem-administrasi-kampus/backend/server.js": {"path":"/home/ubuntu/sistem-administrasi-kampus/backend/server.js","statementMap":{"0":{"start":{"line":1,"column":16},"end":{"line":1,"column":34}},"1":{"start":{"line":2,"column":13},"end":{"line":2,"column":28}},"2":{"start":{"line":3,"column":15},"end":{"line":3,"column":32}},"3":{"start":{"line":4,"column":18},"end":{"line":4,"column":47}},"4":{"start":{"line":5,"column":0},"end":{"line":5,"column":27}},"5":{"start":{"line":7,"column":41},"end":{"line":7,"column":60}},"6":{"start":{"line":8,"column":19},"end":{"line":8,"column":49}},"7":{"start":{"line":9,"column":21},"end":{"line":9,"column":53}},"8":{"start":{"line":11,"column":12},"end":{"line":11,"column":21}},"9":{"start":{"line":12,"column":13},"end":{"line":12,"column":37}},"10":{"start":{"line":15,"column":0},"end":{"line":15,"column":18}},"11":{"start":{"line":16,"column":0},"end":{"line":16,"column":16}},"12":{"start":{"line":19,"column":16},"end":{"line":23,"column":2}},"13":{"start":{"line":24,"column":0},"end":{"line":24,"column":26}},"14":{"start":{"line":27,"column":0},"end":{"line":27,"column":24}},"15":{"start":{"line":28,"column":0},"end":{"line":28,"column":48}},"16":{"start":{"line":31,"column":0},"end":{"line":37,"column":3}},"17":{"start":{"line":32,"column":2},"end":{"line":36,"column":5}},"18":{"start":{"line":40,"column":0},"end":{"line":40,"column":33}},"19":{"start":{"line":41,"column":0},"end":{"line":41,"column":38}},"20":{"start":{"line":44,"column":0},"end":{"line":49,"column":3}},"21":{"start":{"line":45,"column":2},"end":{"line":48,"column":5}},"22":{"start":{"line":52,"column":0},"end":{"line":59,"column":3}},"23":{"start":{"line":53,"column":2},"end":{"line":53,"column":31}},"24":{"start":{"line":54,"column":2},"end":{"line":58,"column":5}},"25":{"start":{"line":62,"column":20},"end":{"line":76,"column":1}},"26":{"start":{"line":63,"column":2},"end":{"line":75,"column":3}},"27":{"start":{"line":64,"column":4},"end":{"line":64,"column":27}},"28":{"start":{"line":65,"column":4},"end":{"line":65,"column":25}},"29":{"start":{"line":67,"column":4},"end":{"line":71,"column":7}},"30":{"start":{"line":68,"column":6},"end":{"line":68,"column":55}},"31":{"start":{"line":69,"column":6},"end":{"line":69,"column":61}},"32":{"start":{"line":70,"column":6},"end":{"line":70,"column":70}},"33":{"start":{"line":73,"column":4},"end":{"line":73,"column":52}},"34":{"start":{"line":74,"column":4},"end":{"line":74,"column":20}},"35":{"start":{"line":79,"column":0},"end":{"line":81,"column":1}},"36":{"start":{"line":80,"column":2},"end":{"line":80,"column":16}},"37":{"start":{"line":83,"column":0},"end":{"line":83,"column":21}}},"fnMap":{"0":{"name":"(anonymous_0)","decl":{"start":{"line":31,"column":19},"end":{"line":31,"column":20}},"loc":{"start":{"line":31,"column":33},"end":{"line":37,"column":1}},"line":31},"1":{"name":"(anonymous_1)","decl":{"start":{"line":44,"column":8},"end":{"line":44,"column":9}},"loc":{"start":{"line":44,"column":22},"end":{"line":49,"column":1}},"line":44},"2":{"name":"(anonymous_2)","decl":{"start":{"line":52,"column":8},"end":{"line":52,"column":9}},"loc":{"start":{"line":52,"column":33},"end":{"line":59,"column":1}},"line":52},"3":{"name":"(anonymous_3)","decl":{"start":{"line":62,"column":20},"end":{"line":62,"column":21}},"loc":{"start":{"line":62,"column":32},"end":{"line":76,"column":1}},"line":62},"4":{"name":"(anonymous_4)","decl":{"start":{"line":67,"column":21},"end":{"line":67,"column":22}},"loc":{"start":{"line":67,"column":27},"end":{"line":71,"column":5}},"line":67}},"branchMap":{"0":{"loc":{"start":{"line":12,"column":13},"end":{"line":12,"column":37}},"type":"binary-expr","locations":[{"start":{"line":12,"column":13},"end":{"line":12,"column":29}},{"start":{"line":12,"column":33},"end":{"line":12,"column":37}}],"line":12},"1":{"loc":{"start":{"line":20,"column":12},"end":{"line":20,"column":72}},"type":"binary-expr","locations":[{"start":{"line":20,"column":12},"end":{"line":20,"column":54}},{"start":{"line":20,"column":58},"end":{"line":20,"column":72}}],"line":20},"2":{"loc":{"start":{"line":21,"column":7},"end":{"line":21,"column":59}},"type":"binary-expr","locations":[{"start":{"line":21,"column":7},"end":{"line":21,"column":52}},{"start":{"line":21,"column":56},"end":{"line":21,"column":59}}],"line":21},"3":{"loc":{"start":{"line":54,"column":13},"end":{"line":54,"column":30}},"type":"binary-expr","locations":[{"start":{"line":54,"column":13},"end":{"line":54,"column":23}},{"start":{"line":54,"column":27},"end":{"line":54,"column":30}}],"line":54},"4":{"loc":{"start":{"line":56,"column":13},"end":{"line":56,"column":51}},"type":"binary-expr","locations":[{"start":{"line":56,"column":13},"end":{"line":56,"column":24}},{"start":{"line":56,"column":28},"end":{"line":56,"column":51}}],"line":56},"5":{"loc":{"start":{"line":57,"column":11},"end":{"line":57,"column":60}},"type":"cond-expr","locations":[{"start":{"line":57,"column":52},"end":{"line":57,"column":55}},{"start":{"line":57,"column":58},"end":{"line":57,"column":60}}],"line":57},"6":{"loc":{"start":{"line":79,"column":0},"end":{"line":81,"column":1}},"type":"if","locations":[{"start":{"line":79,"column":0},"end":{"line":81,"column":1}},{"start":{},"end":{}}],"line":79}},"s":{"0":3,"1":3,"2":3,"3":3,"4":3,"5":3,"6":3,"7":3,"8":3,"9":3,"10":3,"11":3,"12":3,"13":3,"14":3,"15":3,"16":3,"17":1,"18":3,"19":3,"20":3,"21":0,"22":3,"23":0,"24":0,"25":3,"26":0,"27":0,"28":0,"29":0,"30":0,"31":0,"32":0,"33":0,"34":0,"35":3,"36":0,"37":3},"f":{"0":1,"1":0,"2":0,"3":0,"4":0},"b":{"0":[3,0],"1":[3,0],"2":[3,0],"3":[0,0],"4":[0,0],"5":[0,0],"6":[0,3]},"_coverageSchema":"1a1c01bbd47fc00a2c39e90264f33305004495a9","hash":"34d4807e21075cde263af6c0fd47d0024b188f1a"}
,"/home/ubuntu/sistem-administrasi-kampus/backend/config/database.js": {"path":"/home/ubuntu/sistem-administrasi-kampus/backend/config/database.js","statementMap":{"0":{"start":{"line":1,"column":22},"end":{"line":1,"column":42}},"1":{"start":{"line":2,"column":0},"end":{"line":2,"column":27}},"2":{"start":{"line":5,"column":18},"end":{"line":13,"column":2}},"3":{"start":{"line":16,"column":23},"end":{"line":23,"column":1}},"4":{"start":{"line":17,"column":2},"end":{"line":22,"column":3}},"5":{"start":{"line":18,"column":4},"end":{"line":18,"column":35}},"6":{"start":{"line":19,"column":4},"end":{"line":19,"column":67}},"7":{"start":{"line":21,"column":4},"end":{"line":21,"column":65}},"8":{"start":{"line":25,"column":0},"end":{"line":25,"column":47}}},"fnMap":{"0":{"name":"(anonymous_0)","decl":{"start":{"line":16,"column":23},"end":{"line":16,"column":24}},"loc":{"start":{"line":16,"column":35},"end":{"line":23,"column":1}},"line":16}},"branchMap":{},"s":{"0":3,"1":3,"2":3,"3":3,"4":0,"5":0,"6":0,"7":0,"8":3},"f":{"0":0},"b":{},"_coverageSchema":"1a1c01bbd47fc00a2c39e90264f33305004495a9","hash":"cae369d537033a5fa89282ebc1e48487a9139509"}
,"/home/ubuntu/sistem-administrasi-kampus/backend/config/letterTypes.js": {"path":"/home/ubuntu/sistem-administrasi-kampus/backend/config/letterTypes.js","statementMap":{"0":{"start":{"line":6,"column":20},"end":{"line":193,"column":1}},"1":{"start":{"line":200,"column":28},"end":{"line":202,"column":1}},"2":{"start":{"line":201,"column":2},"end":{"line":201,"column":62}},"3":{"start":{"line":201,"column":34},"end":{"line":201,"column":52}},"4":{"start":{"line":208,"column":26},"end":{"line":210,"column":1}},"5":{"start":{"line":209,"column":2},"end":{"line":209,"column":21}},"6":{"start":{"line":217,"column":26},"end":{"line":219,"column":1}},"7":{"start":{"line":218,"column":2},"end":{"line":218,"column":54}},"8":{"start":{"line":218,"column":34},"end":{"line":218,"column":52}},"9":{"start":{"line":221,"column":0},"end":{"line":226,"column":2}}},"fnMap":{"0":{"name":"(anonymous_0)","decl":{"start":{"line":200,"column":28},"end":{"line":200,"column":29}},"loc":{"start":{"line":200,"column":38},"end":{"line":202,"column":1}},"line":200},"1":{"name":"(anonymous_1)","decl":{"start":{"line":201,"column":26},"end":{"line":201,"column":27}},"loc":{"start":{"line":201,"column":34},"end":{"line":201,"column":52}},"line":201},"2":{"name":"(anonymous_2)","decl":{"start":{"line":208,"column":26},"end":{"line":208,"column":27}},"loc":{"start":{"line":208,"column":32},"end":{"line":210,"column":1}},"line":208},"3":{"name":"(anonymous_3)","decl":{"start":{"line":217,"column":26},"end":{"line":217,"column":27}},"loc":{"start":{"line":217,"column":36},"end":{"line":219,"column":1}},"line":217},"4":{"name":"(anonymous_4)","decl":{"start":{"line":218,"column":26},"end":{"line":218,"column":27}},"loc":{"start":{"line":218,"column":34},"end":{"line":218,"column":52}},"line":218}},"branchMap":{"0":{"loc":{"start":{"line":201,"column":9},"end":{"line":201,"column":61}},"type":"binary-expr","locations":[{"start":{"line":201,"column":9},"end":{"line":201,"column":53}},{"start":{"line":201,"column":57},"end":{"line":201,"column":61}}],"line":201}},"s":{"0":3,"1":3,"2":21,"3":471,"4":3,"5":1,"6":3,"7":20,"8":440,"9":3},"f":{"0":21,"1":471,"2":1,"3":20,"4":440},"b":{"0":[21,0]},"_coverageSchema":"1a1c01bbd47fc00a2c39e90264f33305004495a9","hash":"8aa9d136def304223867323fb52c180fc0faa1bb"}
,"/home/ubuntu/sistem-administrasi-kampus/backend/controllers/authController.js": {"path":"/home/ubuntu/sistem-administrasi-kampus/backend/controllers/authController.js","statementMap":{"0":{"start":{"line":1,"column":17},"end":{"line":1,"column":37}},"1":{"start":{"line":2,"column":26},"end":{"line":2,"column":49}},"2":{"start":{"line":3,"column":29},"end":{"line":3,"column":57}},"3":{"start":{"line":9,"column":17},"end":{"line":84,"column":1}},"4":{"start":{"line":10,"column":2},"end":{"line":83,"column":3}},"5":{"start":{"line":12,"column":19},"end":{"line":12,"column":40}},"6":{"start":{"line":13,"column":4},"end":{"line":19,"column":5}},"7":{"start":{"line":14,"column":6},"end":{"line":18,"column":9}},"8":{"start":{"line":21,"column":61},"end":{"line":21,"column":69}},"9":{"start":{"line":24,"column":25},"end":{"line":24,"column":65}},"10":{"start":{"line":25,"column":4},"end":{"line":30,"column":5}},"11":{"start":{"line":26,"column":6},"end":{"line":29,"column":9}},"12":{"start":{"line":33,"column":4},"end":{"line":41,"column":5}},"13":{"start":{"line":34,"column":26},"end":{"line":34,"column":64}},"14":{"start":{"line":35,"column":6},"end":{"line":40,"column":7}},"15":{"start":{"line":36,"column":8},"end":{"line":39,"column":11}},"16":{"start":{"line":44,"column":4},"end":{"line":52,"column":5}},"17":{"start":{"line":45,"column":26},"end":{"line":45,"column":64}},"18":{"start":{"line":46,"column":6},"end":{"line":51,"column":7}},"19":{"start":{"line":47,"column":8},"end":{"line":50,"column":11}},"20":{"start":{"line":55,"column":17},"end":{"line":63,"column":6}},"21":{"start":{"line":66,"column":18},"end":{"line":66,"column":69}},"22":{"start":{"line":68,"column":4},"end":{"line":75,"column":7}},"23":{"start":{"line":77,"column":4},"end":{"line":77,"column":44}},"24":{"start":{"line":78,"column":4},"end":{"line":82,"column":7}},"25":{"start":{"line":90,"column":14},"end":{"line":149,"column":1}},"26":{"start":{"line":91,"column":2},"end":{"line":148,"column":3}},"27":{"start":{"line":93,"column":19},"end":{"line":93,"column":40}},"28":{"start":{"line":94,"column":4},"end":{"line":100,"column":5}},"29":{"start":{"line":95,"column":6},"end":{"line":99,"column":9}},"30":{"start":{"line":102,"column":32},"end":{"line":102,"column":40}},"31":{"start":{"line":105,"column":17},"end":{"line":105,"column":57}},"32":{"start":{"line":106,"column":4},"end":{"line":111,"column":5}},"33":{"start":{"line":107,"column":6},"end":{"line":110,"column":9}},"34":{"start":{"line":114,"column":4},"end":{"line":119,"column":5}},"35":{"start":{"line":115,"column":6},"end":{"line":118,"column":9}},"36":{"start":{"line":122,"column":28},"end":{"line":122,"column":64}},"37":{"start":{"line":123,"column":4},"end":{"line":128,"column":5}},"38":{"start":{"line":124,"column":6},"end":{"line":127,"column":9}},"39":{"start":{"line":131,"column":18},"end":{"line":131,"column":69}},"40":{"start":{"line":133,"column":4},"end":{"line":140,"column":7}},"41":{"start":{"line":142,"column":4},"end":{"line":142,"column":41}},"42":{"start":{"line":143,"column":4},"end":{"line":147,"column":7}},"43":{"start":{"line":155,"column":14},"end":{"line":171,"column":1}},"44":{"start":{"line":156,"column":2},"end":{"line":170,"column":3}},"45":{"start":{"line":157,"column":4},"end":{"line":162,"column":7}},"46":{"start":{"line":164,"column":4},"end":{"line":164,"column":42}},"47":{"start":{"line":165,"column":4},"end":{"line":169,"column":7}},"48":{"start":{"line":177,"column":15},"end":{"line":195,"column":1}},"49":{"start":{"line":178,"column":2},"end":{"line":194,"column":3}},"50":{"start":{"line":183,"column":4},"end":{"line":186,"column":7}},"51":{"start":{"line":188,"column":4},"end":{"line":188,"column":42}},"52":{"start":{"line":189,"column":4},"end":{"line":193,"column":7}},"53":{"start":{"line":197,"column":0},"end":{"line":202,"column":2}}},"fnMap":{"0":{"name":"(anonymous_0)","decl":{"start":{"line":9,"column":17},"end":{"line":9,"column":18}},"loc":{"start":{"line":9,"column":37},"end":{"line":84,"column":1}},"line":9},"1":{"name":"(anonymous_1)","decl":{"start":{"line":90,"column":14},"end":{"line":90,"column":15}},"loc":{"start":{"line":90,"column":34},"end":{"line":149,"column":1}},"line":90},"2":{"name":"(anonymous_2)","decl":{"start":{"line":155,"column":14},"end":{"line":155,"column":15}},"loc":{"start":{"line":155,"column":34},"end":{"line":171,"column":1}},"line":155},"3":{"name":"(anonymous_3)","decl":{"start":{"line":177,"column":15},"end":{"line":177,"column":16}},"loc":{"start":{"line":177,"column":35},"end":{"line":195,"column":1}},"line":177}},"branchMap":{"0":{"loc":{"start":{"line":13,"column":4},"end":{"line":19,"column":5}},"type":"if","locations":[{"start":{"line":13,"column":4},"end":{"line":19,"column":5}},{"start":{},"end":{}}],"line":13},"1":{"loc":{"start":{"line":25,"column":4},"end":{"line":30,"column":5}},"type":"if","locations":[{"start":{"line":25,"column":4},"end":{"line":30,"column":5}},{"start":{},"end":{}}],"line":25},"2":{"loc":{"start":{"line":33,"column":4},"end":{"line":41,"column":5}},"type":"if","locations":[{"start":{"line":33,"column":4},"end":{"line":41,"column":5}},{"start":{},"end":{}}],"line":33},"3":{"loc":{"start":{"line":35,"column":6},"end":{"line":40,"column":7}},"type":"if","locations":[{"start":{"line":35,"column":6},"end":{"line":40,"column":7}},{"start":{},"end":{}}],"line":35},"4":{"loc":{"start":{"line":44,"column":4},"end":{"line":52,"column":5}},"type":"if","locations":[{"start":{"line":44,"column":4},"end":{"line":52,"column":5}},{"start":{},"end":{}}],"line":44},"5":{"loc":{"start":{"line":46,"column":6},"end":{"line":51,"column":7}},"type":"if","locations":[{"start":{"line":46,"column":6},"end":{"line":51,"column":7}},{"start":{},"end":{}}],"line":46},"6":{"loc":{"start":{"line":59,"column":12},"end":{"line":59,"column":29}},"type":"binary-expr","locations":[{"start":{"line":59,"column":12},"end":{"line":59,"column":16}},{"start":{"line":59,"column":20},"end":{"line":59,"column":29}}],"line":59},"7":{"loc":{"start":{"line":94,"column":4},"end":{"line":100,"column":5}},"type":"if","locations":[{"start":{"line":94,"column":4},"end":{"line":100,"column":5}},{"start":{},"end":{}}],"line":94},"8":{"loc":{"start":{"line":106,"column":4},"end":{"line":111,"column":5}},"type":"if","locations":[{"start":{"line":106,"column":4},"end":{"line":111,"column":5}},{"start":{},"end":{}}],"line":106},"9":{"loc":{"start":{"line":114,"column":4},"end":{"line":119,"column":5}},"type":"if","locations":[{"start":{"line":114,"column":4},"end":{"line":119,"column":5}},{"start":{},"end":{}}],"line":114},"10":{"loc":{"start":{"line":123,"column":4},"end":{"line":128,"column":5}},"type":"if","locations":[{"start":{"line":123,"column":4},"end":{"line":128,"column":5}},{"start":{},"end":{}}],"line":123}},"s":{"0":3,"1":3,"2":3,"3":3,"4":8,"5":8,"6":8,"7":1,"8":7,"9":7,"10":7,"11":1,"12":6,"13":3,"14":3,"15":0,"16":6,"17":2,"18":2,"19":0,"20":6,"21":6,"22":6,"23":0,"24":0,"25":3,"26":6,"27":6,"28":6,"29":0,"30":6,"31":6,"32":6,"33":1,"34":5,"35":0,"36":5,"37":5,"38":1,"39":4,"40":4,"41":0,"42":0,"43":3,"44":3,"45":3,"46":0,"47":0,"48":3,"49":1,"50":1,"51":0,"52":0,"53":3},"f":{"0":8,"1":6,"2":3,"3":1},"b":{"0":[1,7],"1":[1,6],"2":[3,3],"3":[0,3],"4":[2,4],"5":[0,2],"6":[6,0],"7":[0,6],"8":[1,5],"9":[0,5],"10":[1,4]},"_coverageSchema":"1a1c01bbd47fc00a2c39e90264f33305004495a9","hash":"519203b0e94eb223765fe87301bd85c4f6de43fa"}
,"/home/ubuntu/sistem-administrasi-kampus/backend/controllers/letterController.js": {"path":"/home/ubuntu/sistem-administrasi-kampus/backend/controllers/letterController.js","statementMap":{"0":{"start":{"line":1,"column":25},"end":{"line":1,"column":45}},"1":{"start":{"line":2,"column":29},"end":{"line":2,"column":57}},"2":{"start":{"line":3,"column":51},"end":{"line":3,"column":83}},"3":{"start":{"line":4,"column":94},"end":{"line":4,"column":129}},"4":{"start":{"line":10,"column":21},"end":{"line":87,"column":1}},"5":{"start":{"line":11,"column":2},"end":{"line":86,"column":3}},"6":{"start":{"line":13,"column":19},"end":{"line":13,"column":40}},"7":{"start":{"line":14,"column":4},"end":{"line":20,"column":5}},"8":{"start":{"line":15,"column":6},"end":{"line":19,"column":9}},"9":{"start":{"line":22,"column":59},"end":{"line":22,"column":67}},"10":{"start":{"line":25,"column":4},"end":{"line":30,"column":5}},"11":{"start":{"line":26,"column":6},"end":{"line":29,"column":9}},"12":{"start":{"line":33,"column":27},"end":{"line":33,"column":58}},"13":{"start":{"line":36,"column":4},"end":{"line":48,"column":5}},"14":{"start":{"line":37,"column":28},"end":{"line":39,"column":7}},"15":{"start":{"line":38,"column":17},"end":{"line":38,"column":58}},"16":{"start":{"line":41,"column":6},"end":{"line":47,"column":7}},"17":{"start":{"line":42,"column":8},"end":{"line":46,"column":11}},"18":{"start":{"line":51,"column":19},"end":{"line":58,"column":6}},"19":{"start":{"line":61,"column":27},"end":{"line":69,"column":6}},"20":{"start":{"line":71,"column":4},"end":{"line":78,"column":7}},"21":{"start":{"line":80,"column":4},"end":{"line":80,"column":49}},"22":{"start":{"line":81,"column":4},"end":{"line":85,"column":7}},"23":{"start":{"line":93,"column":19},"end":{"line":161,"column":1}},"24":{"start":{"line":94,"column":2},"end":{"line":160,"column":3}},"25":{"start":{"line":95,"column":57},"end":{"line":95,"column":66}},"26":{"start":{"line":96,"column":19},"end":{"line":96,"column":37}},"27":{"start":{"line":99,"column":18},"end":{"line":99,"column":20}},"28":{"start":{"line":102,"column":4},"end":{"line":104,"column":5}},"29":{"start":{"line":103,"column":6},"end":{"line":103,"column":33}},"30":{"start":{"line":106,"column":4},"end":{"line":108,"column":5}},"31":{"start":{"line":107,"column":6},"end":{"line":107,"column":28}},"32":{"start":{"line":110,"column":4},"end":{"line":112,"column":5}},"33":{"start":{"line":111,"column":6},"end":{"line":111,"column":36}},"34":{"start":{"line":115,"column":37},"end":{"line":139,"column":6}},"35":{"start":{"line":141,"column":4},"end":{"line":152,"column":7}},"36":{"start":{"line":154,"column":4},"end":{"line":154,"column":47}},"37":{"start":{"line":155,"column":4},"end":{"line":159,"column":7}},"38":{"start":{"line":167,"column":22},"end":{"line":225,"column":1}},"39":{"start":{"line":168,"column":2},"end":{"line":224,"column":3}},"40":{"start":{"line":169,"column":19},"end":{"line":169,"column":29}},"41":{"start":{"line":171,"column":19},"end":{"line":191,"column":6}},"42":{"start":{"line":193,"column":4},"end":{"line":198,"column":5}},"43":{"start":{"line":194,"column":6},"end":{"line":197,"column":9}},"44":{"start":{"line":201,"column":4},"end":{"line":206,"column":5}},"45":{"start":{"line":202,"column":6},"end":{"line":205,"column":9}},"46":{"start":{"line":208,"column":27},"end":{"line":208,"column":65}},"47":{"start":{"line":210,"column":4},"end":{"line":216,"column":7}},"48":{"start":{"line":218,"column":4},"end":{"line":218,"column":52}},"49":{"start":{"line":219,"column":4},"end":{"line":223,"column":7}},"50":{"start":{"line":231,"column":27},"end":{"line":333,"column":1}},"51":{"start":{"line":232,"column":2},"end":{"line":332,"column":3}},"52":{"start":{"line":233,"column":19},"end":{"line":233,"column":29}},"53":{"start":{"line":234,"column":40},"end":{"line":234,"column":48}},"54":{"start":{"line":237,"column":19},"end":{"line":237,"column":40}},"55":{"start":{"line":238,"column":4},"end":{"line":244,"column":5}},"56":{"start":{"line":239,"column":6},"end":{"line":243,"column":9}},"57":{"start":{"line":247,"column":4},"end":{"line":252,"column":5}},"58":{"start":{"line":248,"column":6},"end":{"line":251,"column":9}},"59":{"start":{"line":254,"column":19},"end":{"line":254,"column":44}},"60":{"start":{"line":256,"column":4},"end":{"line":261,"column":5}},"61":{"start":{"line":257,"column":6},"end":{"line":260,"column":9}},"62":{"start":{"line":264,"column":4},"end":{"line":269,"column":5}},"63":{"start":{"line":265,"column":6},"end":{"line":268,"column":9}},"64":{"start":{"line":272,"column":23},"end":{"line":272,"column":33}},"65":{"start":{"line":274,"column":4},"end":{"line":281,"column":5}},"66":{"start":{"line":275,"column":6},"end":{"line":275,"column":42}},"67":{"start":{"line":276,"column":6},"end":{"line":276,"column":41}},"68":{"start":{"line":277,"column":11},"end":{"line":281,"column":5}},"69":{"start":{"line":278,"column":6},"end":{"line":278,"column":42}},"70":{"start":{"line":279,"column":6},"end":{"line":279,"column":41}},"71":{"start":{"line":280,"column":6},"end":{"line":280,"column":51}},"72":{"start":{"line":283,"column":4},"end":{"line":283,"column":36}},"73":{"start":{"line":286,"column":4},"end":{"line":293,"column":5}},"74":{"start":{"line":287,"column":6},"end":{"line":292,"column":7}},"75":{"start":{"line":288,"column":8},"end":{"line":288,"column":37}},"76":{"start":{"line":290,"column":8},"end":{"line":290,"column":68}},"77":{"start":{"line":296,"column":26},"end":{"line":316,"column":6}},"78":{"start":{"line":318,"column":4},"end":{"line":324,"column":7}},"79":{"start":{"line":326,"column":4},"end":{"line":326,"column":56}},"80":{"start":{"line":327,"column":4},"end":{"line":331,"column":7}},"81":{"start":{"line":339,"column":21},"end":{"line":382,"column":1}},"82":{"start":{"line":340,"column":2},"end":{"line":381,"column":3}},"83":{"start":{"line":341,"column":19},"end":{"line":341,"column":29}},"84":{"start":{"line":343,"column":19},"end":{"line":343,"column":44}},"85":{"start":{"line":345,"column":4},"end":{"line":350,"column":5}},"86":{"start":{"line":346,"column":6},"end":{"line":349,"column":9}},"87":{"start":{"line":353,"column":4},"end":{"line":358,"column":5}},"88":{"start":{"line":354,"column":6},"end":{"line":357,"column":9}},"89":{"start":{"line":361,"column":4},"end":{"line":366,"column":5}},"90":{"start":{"line":362,"column":6},"end":{"line":365,"column":9}},"91":{"start":{"line":368,"column":4},"end":{"line":368,"column":27}},"92":{"start":{"line":370,"column":4},"end":{"line":373,"column":7}},"93":{"start":{"line":375,"column":4},"end":{"line":375,"column":49}},"94":{"start":{"line":376,"column":4},"end":{"line":380,"column":7}},"95":{"start":{"line":384,"column":0},"end":{"line":390,"column":2}},"96":{"start":{"line":396,"column":21},"end":{"line":414,"column":1}},"97":{"start":{"line":397,"column":2},"end":{"line":413,"column":3}},"98":{"start":{"line":398,"column":19},"end":{"line":398,"column":29}},"99":{"start":{"line":400,"column":19},"end":{"line":400,"column":47}},"100":{"start":{"line":402,"column":4},"end":{"line":406,"column":7}},"101":{"start":{"line":408,"column":4},"end":{"line":408,"column":56}},"102":{"start":{"line":409,"column":4},"end":{"line":412,"column":7}},"103":{"start":{"line":420,"column":19},"end":{"line":446,"column":1}},"104":{"start":{"line":421,"column":2},"end":{"line":445,"column":3}},"105":{"start":{"line":422,"column":19},"end":{"line":422,"column":29}},"106":{"start":{"line":423,"column":29},"end":{"line":423,"column":37}},"107":{"start":{"line":425,"column":4},"end":{"line":430,"column":5}},"108":{"start":{"line":426,"column":6},"end":{"line":429,"column":9}},"109":{"start":{"line":432,"column":19},"end":{"line":432,"column":59}},"110":{"start":{"line":434,"column":4},"end":{"line":438,"column":7}},"111":{"start":{"line":440,"column":4},"end":{"line":440,"column":54}},"112":{"start":{"line":441,"column":4},"end":{"line":444,"column":7}},"113":{"start":{"line":452,"column":26},"end":{"line":469,"column":1}},"114":{"start":{"line":453,"column":2},"end":{"line":468,"column":3}},"115":{"start":{"line":454,"column":21},"end":{"line":454,"column":30}},"116":{"start":{"line":455,"column":18},"end":{"line":455,"column":82}},"117":{"start":{"line":457,"column":4},"end":{"line":460,"column":7}},"118":{"start":{"line":462,"column":4},"end":{"line":462,"column":55}},"119":{"start":{"line":463,"column":4},"end":{"line":467,"column":7}},"120":{"start":{"line":471,"column":0},"end":{"line":480,"column":2}}},"fnMap":{"0":{"name":"(anonymous_0)","decl":{"start":{"line":10,"column":21},"end":{"line":10,"column":22}},"loc":{"start":{"line":10,"column":41},"end":{"line":87,"column":1}},"line":10},"1":{"name":"(anonymous_1)","decl":{"start":{"line":38,"column":8},"end":{"line":38,"column":9}},"loc":{"start":{"line":38,"column":17},"end":{"line":38,"column":58}},"line":38},"2":{"name":"(anonymous_2)","decl":{"start":{"line":93,"column":19},"end":{"line":93,"column":20}},"loc":{"start":{"line":93,"column":39},"end":{"line":161,"column":1}},"line":93},"3":{"name":"(anonymous_3)","decl":{"start":{"line":167,"column":22},"end":{"line":167,"column":23}},"loc":{"start":{"line":167,"column":42},"end":{"line":225,"column":1}},"line":167},"4":{"name":"(anonymous_4)","decl":{"start":{"line":231,"column":27},"end":{"line":231,"column":28}},"loc":{"start":{"line":231,"column":47},"end":{"line":333,"column":1}},"line":231},"5":{"name":"(anonymous_5)","decl":{"start":{"line":339,"column":21},"end":{"line":339,"column":22}},"loc":{"start":{"line":339,"column":41},"end":{"line":382,"column":1}},"line":339},"6":{"name":"(anonymous_6)","decl":{"start":{"line":396,"column":21},"end":{"line":396,"column":22}},"loc":{"start":{"line":396,"column":41},"end":{"line":414,"column":1}},"line":396},"7":{"name":"(anonymous_7)","decl":{"start":{"line":420,"column":19},"end":{"line":420,"column":20}},"loc":{"start":{"line":420,"column":39},"end":{"line":446,"column":1}},"line":420},"8":{"name":"(anonymous_8)","decl":{"start":{"line":452,"column":26},"end":{"line":452,"column":27}},"loc":{"start":{"line":452,"column":46},"end":{"line":469,"column":1}},"line":452}},"branchMap":{"0":{"loc":{"start":{"line":14,"column":4},"end":{"line":20,"column":5}},"type":"if","locations":[{"start":{"line":14,"column":4},"end":{"line":20,"column":5}},{"start":{},"end":{}}],"line":14},"1":{"loc":{"start":{"line":25,"column":4},"end":{"line":30,"column":5}},"type":"if","locations":[{"start":{"line":25,"column":4},"end":{"line":30,"column":5}},{"start":{},"end":{}}],"line":25},"2":{"loc":{"start":{"line":36,"column":4},"end":{"line":48,"column":5}},"type":"if","locations":[{"start":{"line":36,"column":4},"end":{"line":48,"column":5}},{"start":{},"end":{}}],"line":36},"3":{"loc":{"start":{"line":36,"column":8},"end":{"line":36,"column":81}},"type":"binary-expr","locations":[{"start":{"line":36,"column":8},"end":{"line":36,"column":37}},{"start":{"line":36,"column":41},"end":{"line":36,"column":81}}],"line":36},"4":{"loc":{"start":{"line":38,"column":17},"end":{"line":38,"column":58}},"type":"binary-expr","locations":[{"start":{"line":38,"column":17},"end":{"line":38,"column":32}},{"start":{"line":38,"column":36},"end":{"line":38,"column":58}}],"line":38},"5":{"loc":{"start":{"line":41,"column":6},"end":{"line":47,"column":7}},"type":"if","locations":[{"start":{"line":41,"column":6},"end":{"line":47,"column":7}},{"start":{},"end":{}}],"line":41},"6":{"loc":{"start":{"line":95,"column":32},"end":{"line":95,"column":40}},"type":"default-arg","locations":[{"start":{"line":95,"column":39},"end":{"line":95,"column":40}}],"line":95},"7":{"loc":{"start":{"line":95,"column":42},"end":{"line":95,"column":52}},"type":"default-arg","locations":[{"start":{"line":95,"column":50},"end":{"line":95,"column":52}}],"line":95},"8":{"loc":{"start":{"line":102,"column":4},"end":{"line":104,"column":5}},"type":"if","locations":[{"start":{"line":102,"column":4},"end":{"line":104,"column":5}},{"start":{},"end":{}}],"line":102},"9":{"loc":{"start":{"line":106,"column":4},"end":{"line":108,"column":5}},"type":"if","locations":[{"start":{"line":106,"column":4},"end":{"line":108,"column":5}},{"start":{},"end":{}}],"line":106},"10":{"loc":{"start":{"line":110,"column":4},"end":{"line":112,"column":5}},"type":"if","locations":[{"start":{"line":110,"column":4},"end":{"line":112,"column":5}},{"start":{},"end":{}}],"line":110},"11":{"loc":{"start":{"line":193,"column":4},"end":{"line":198,"column":5}},"type":"if","locations":[{"start":{"line":193,"column":4},"end":{"line":198,"column":5}},{"start":{},"end":{}}],"line":193},"12":{"loc":{"start":{"line":201,"column":4},"end":{"line":206,"column":5}},"type":"if","locations":[{"start":{"line":201,"column":4},"end":{"line":206,"column":5}},{"start":{},"end":{}}],"line":201},"13":{"loc":{"start":{"line":201,"column":8},"end":{"line":201,"column":68}},"type":"binary-expr","locations":[{"start":{"line":201,"column":8},"end":{"line":201,"column":35}},{"start":{"line":201,"column":39},"end":{"line":201,"column":68}}],"line":201},"14":{"loc":{"start":{"line":238,"column":4},"end":{"line":244,"column":5}},"type":"if","locations":[{"start":{"line":238,"column":4},"end":{"line":244,"column":5}},{"start":{},"end":{}}],"line":238},"15":{"loc":{"start":{"line":247,"column":4},"end":{"line":252,"column":5}},"type":"if","locations":[{"start":{"line":247,"column":4},"end":{"line":252,"column":5}},{"start":{},"end":{}}],"line":247},"16":{"loc":{"start":{"line":256,"column":4},"end":{"line":261,"column":5}},"type":"if","locations":[{"start":{"line":256,"column":4},"end":{"line":261,"column":5}},{"start":{},"end":{}}],"line":256},"17":{"loc":{"start":{"line":264,"column":4},"end":{"line":269,"column":5}},"type":"if","locations":[{"start":{"line":264,"column":4},"end":{"line":269,"column":5}},{"start":{},"end":{}}],"line":264},"18":{"loc":{"start":{"line":274,"column":4},"end":{"line":281,"column":5}},"type":"if","locations":[{"start":{"line":274,"column":4},"end":{"line":281,"column":5}},{"start":{"line":277,"column":11},"end":{"line":281,"column":5}}],"line":274},"19":{"loc":{"start":{"line":277,"column":11},"end":{"line":281,"column":5}},"type":"if","locations":[{"start":{"line":277,"column":11},"end":{"line":281,"column":5}},{"start":{},"end":{}}],"line":277},"20":{"loc":{"start":{"line":286,"column":4},"end":{"line":293,"column":5}},"type":"if","locations":[{"start":{"line":286,"column":4},"end":{"line":293,"column":5}},{"start":{},"end":{}}],"line":286},"21":{"loc":{"start":{"line":345,"column":4},"end":{"line":350,"column":5}},"type":"if","locations":[{"start":{"line":345,"column":4},"end":{"line":350,"column":5}},{"start":{},"end":{}}],"line":345},"22":{"loc":{"start":{"line":353,"column":4},"end":{"line":358,"column":5}},"type":"if","locations":[{"start":{"line":353,"column":4},"end":{"line":358,"column":5}},{"start":{},"end":{}}],"line":353},"23":{"loc":{"start":{"line":353,"column":8},"end":{"line":353,"column":68}},"type":"binary-expr","locations":[{"start":{"line":353,"column":8},"end":{"line":353,"column":35}},{"start":{"line":353,"column":39},"end":{"line":353,"column":68}}],"line":353},"24":{"loc":{"start":{"line":361,"column":4},"end":{"line":366,"column":5}},"type":"if","locations":[{"start":{"line":361,"column":4},"end":{"line":366,"column":5}},{"start":{},"end":{}}],"line":361},"25":{"loc":{"start":{"line":411,"column":15},"end":{"line":411,"column":63}},"type":"binary-expr","locations":[{"start":{"line":411,"column":15},"end":{"line":411,"column":28}},{"start":{"line":411,"column":32},"end":{"line":411,"column":63}}],"line":411},"26":{"loc":{"start":{"line":425,"column":4},"end":{"line":430,"column":5}},"type":"if","locations":[{"start":{"line":425,"column":4},"end":{"line":430,"column":5}},{"start":{},"end":{}}],"line":425},"27":{"loc":{"start":{"line":443,"column":15},"end":{"line":443,"column":61}},"type":"binary-expr","locations":[{"start":{"line":443,"column":15},"end":{"line":443,"column":28}},{"start":{"line":443,"column":32},"end":{"line":443,"column":61}}],"line":443},"28":{"loc":{"start":{"line":455,"column":48},"end":{"line":455,"column":81}},"type":"cond-expr","locations":[{"start":{"line":455,"column":55},"end":{"line":455,"column":69}},{"start":{"line":455,"column":72},"end":{"line":455,"column":81}}],"line":455}},"s":{"0":3,"1":3,"2":3,"3":3,"4":3,"5":20,"6":20,"7":20,"8":0,"9":20,"10":20,"11":1,"12":19,"13":19,"14":19,"15":25,"16":19,"17":1,"18":18,"19":18,"20":18,"21":0,"22":0,"23":3,"24":3,"25":3,"26":3,"27":3,"28":3,"29":1,"30":3,"31":1,"32":3,"33":0,"34":3,"35":3,"36":0,"37":0,"38":3,"39":3,"40":3,"41":3,"42":3,"43":1,"44":2,"45":0,"46":2,"47":2,"48":0,"49":0,"50":3,"51":14,"52":14,"53":14,"54":14,"55":14,"56":1,"57":13,"58":0,"59":13,"60":13,"61":0,"62":13,"63":0,"64":13,"65":13,"66":11,"67":11,"68":2,"69":2,"70":2,"71":2,"72":13,"73":13,"74":11,"75":11,"76":0,"77":13,"78":13,"79":0,"80":0,"81":3,"82":2,"83":2,"84":2,"85":2,"86":0,"87":2,"88":0,"89":2,"90":1,"91":1,"92":1,"93":0,"94":0,"95":3,"96":3,"97":1,"98":1,"99":1,"100":1,"101":0,"102":0,"103":3,"104":2,"105":2,"106":2,"107":2,"108":0,"109":2,"110":1,"111":1,"112":1,"113":3,"114":2,"115":2,"116":2,"117":2,"118":0,"119":0,"120":3},"f":{"0":20,"1":25,"2":3,"3":3,"4":14,"5":2,"6":1,"7":2,"8":2},"b":{"0":[0,20],"1":[1,19],"2":[19,0],"3":[19,19],"4":[25,25],"5":[1,18],"6":[3],"7":[3],"8":[1,2],"9":[1,2],"10":[0,3],"11":[1,2],"12":[0,2],"13":[2,1],"14":[1,13],"15":[0,13],"16":[0,13],"17":[0,13],"18":[11,2],"19":[2,0],"20":[11,2],"21":[0,2],"22":[0,2],"23":[2,2],"24":[1,1],"25":[0,0],"26":[0,2],"27":[1,0],"28":[1,1]},"_coverageSchema":"1a1c01bbd47fc00a2c39e90264f33305004495a9","hash":"f3c21406646fffdfc72bf4b7159426ddd7bc9791"}
,"/home/ubuntu/sistem-administrasi-kampus/backend/middleware/auth.js": {"path":"/home/ubuntu/sistem-administrasi-kampus/backend/middleware/auth.js","statementMap":{"0":{"start":{"line":1,"column":24},"end":{"line":1,"column":47}},"1":{"start":{"line":2,"column":17},"end":{"line":2,"column":37}},"2":{"start":{"line":7,"column":21},"end":{"line":44,"column":1}},"3":{"start":{"line":8,"column":2},"end":{"line":43,"column":3}},"4":{"start":{"line":10,"column":23},"end":{"line":10,"column":48}},"5":{"start":{"line":12,"column":4},"end":{"line":17,"column":5}},"6":{"start":{"line":13,"column":6},"end":{"line":16,"column":9}},"7":{"start":{"line":19,"column":18},"end":{"line":19,"column":42}},"8":{"start":{"line":22,"column":20},"end":{"line":22,"column":38}},"9":{"start":{"line":25,"column":17},"end":{"line":25,"column":52}},"10":{"start":{"line":27,"column":4},"end":{"line":32,"column":5}},"11":{"start":{"line":28,"column":6},"end":{"line":31,"column":9}},"12":{"start":{"line":35,"column":4},"end":{"line":35,"column":20}},"13":{"start":{"line":36,"column":4},"end":{"line":36,"column":11}},"14":{"start":{"line":38,"column":4},"end":{"line":42,"column":7}},"15":{"start":{"line":50,"column":18},"end":{"line":68,"column":1}},"16":{"start":{"line":51,"column":2},"end":{"line":67,"column":4}},"17":{"start":{"line":52,"column":4},"end":{"line":57,"column":5}},"18":{"start":{"line":53,"column":6},"end":{"line":56,"column":9}},"19":{"start":{"line":59,"column":4},"end":{"line":64,"column":5}},"20":{"start":{"line":60,"column":6},"end":{"line":63,"column":9}},"21":{"start":{"line":66,"column":4},"end":{"line":66,"column":11}},"22":{"start":{"line":70,"column":0},"end":{"line":73,"column":2}}},"fnMap":{"0":{"name":"(anonymous_0)","decl":{"start":{"line":7,"column":21},"end":{"line":7,"column":22}},"loc":{"start":{"line":7,"column":47},"end":{"line":44,"column":1}},"line":7},"1":{"name":"(anonymous_1)","decl":{"start":{"line":50,"column":18},"end":{"line":50,"column":19}},"loc":{"start":{"line":50,"column":32},"end":{"line":68,"column":1}},"line":50},"2":{"name":"(anonymous_2)","decl":{"start":{"line":51,"column":9},"end":{"line":51,"column":10}},"loc":{"start":{"line":51,"column":29},"end":{"line":67,"column":3}},"line":51}},"branchMap":{"0":{"loc":{"start":{"line":12,"column":4},"end":{"line":17,"column":5}},"type":"if","locations":[{"start":{"line":12,"column":4},"end":{"line":17,"column":5}},{"start":{},"end":{}}],"line":12},"1":{"loc":{"start":{"line":12,"column":8},"end":{"line":12,"column":56}},"type":"binary-expr","locations":[{"start":{"line":12,"column":8},"end":{"line":12,"column":19}},{"start":{"line":12,"column":23},"end":{"line":12,"column":56}}],"line":12},"2":{"loc":{"start":{"line":27,"column":4},"end":{"line":32,"column":5}},"type":"if","locations":[{"start":{"line":27,"column":4},"end":{"line":32,"column":5}},{"start":{},"end":{}}],"line":27},"3":{"loc":{"start":{"line":27,"column":8},"end":{"line":27,"column":31}},"type":"binary-expr","locations":[{"start":{"line":27,"column":8},"end":{"line":27,"column":13}},{"start":{"line":27,"column":17},"end":{"line":27,"column":31}}],"line":27},"4":{"loc":{"start":{"line":52,"column":4},"end":{"line":57,"column":5}},"type":"if","locations":[{"start":{"line":52,"column":4},"end":{"line":57,"column":5}},{"start":{},"end":{}}],"line":52},"5":{"loc":{"start":{"line":59,"column":4},"end":{"line":64,"column":5}},"type":"if","locations":[{"start":{"line":59,"column":4},"end":{"line":64,"column":5}},{"start":{},"end":{}}],"line":59}},"s":{"0":3,"1":3,"2":3,"3":60,"4":60,"5":60,"6":3,"7":57,"8":57,"9":56,"10":56,"11":0,"12":56,"13":56,"14":1,"15":3,"16":15,"17":43,"18":0,"19":43,"20":4,"21":39,"22":3},"f":{"0":60,"1":15,"2":43},"b":{"0":[3,57],"1":[60,57],"2":[0,56],"3":[56,56],"4":[0,43],"5":[4,39]},"_coverageSchema":"1a1c01bbd47fc00a2c39e90264f33305004495a9","hash":"f62235957d9671a89f8631011053f0608df3f895"}
,"/home/ubuntu/sistem-administrasi-kampus/backend/middleware/validators.js": {"path":"/home/ubuntu/sistem-administrasi-kampus/backend/middleware/validators.js","statementMap":{"0":{"start":{"line":1,"column":17},"end":{"line":1,"column":45}},"1":{"start":{"line":6,"column":27},"end":{"line":38,"column":1}},"2":{"start":{"line":43,"column":24},"end":{"line":51,"column":1}},"3":{"start":{"line":53,"column":0},"end":{"line":56,"column":2}}},"fnMap":{},"branchMap":{},"s":{"0":3,"1":3,"2":3,"3":3},"f":{},"b":{},"_coverageSchema":"1a1c01bbd47fc00a2c39e90264f33305004495a9","hash":"fb3f0c554c211f45e3f269de32d254f9177d2d68"}
,"/home/ubuntu/sistem-administrasi-kampus/backend/models/Letter.js": {"path":"/home/ubuntu/sistem-administrasi-kampus/backend/models/Letter.js","statementMap":{"0":{"start":{"line":1,"column":22},"end":{"line":1,"column":42}},"1":{"start":{"line":2,"column":22},"end":{"line":2,"column":51}},"2":{"start":{"line":4,"column":15},"end":{"line":90,"column":2}},"3":{"start":{"line":92,"column":0},"end":{"line":92,"column":24}}},"fnMap":{},"branchMap":{},"s":{"0":3,"1":3,"2":3,"3":3},"f":{},"b":{},"_coverageSchema":"1a1c01bbd47fc00a2c39e90264f33305004495a9","hash":"c66010173492fd6487f47115e8fc0d1b7ee0b0bd"}
,"/home/ubuntu/sistem-administrasi-kampus/backend/models/User.js": {"path":"/home/ubuntu/sistem-administrasi-kampus/backend/models/User.js","statementMap":{"0":{"start":{"line":1,"column":22},"end":{"line":1,"column":42}},"1":{"start":{"line":2,"column":22},"end":{"line":2,"column":51}},"2":{"start":{"line":3,"column":15},"end":{"line":3,"column":34}},"3":{"start":{"line":5,"column":13},"end":{"line":67,"column":2}},"4":{"start":{"line":55,"column":6},"end":{"line":58,"column":7}},"5":{"start":{"line":56,"column":21},"end":{"line":56,"column":45}},"6":{"start":{"line":57,"column":8},"end":{"line":57,"column":63}},"7":{"start":{"line":61,"column":6},"end":{"line":64,"column":7}},"8":{"start":{"line":62,"column":21},"end":{"line":62,"column":45}},"9":{"start":{"line":63,"column":8},"end":{"line":63,"column":63}},"10":{"start":{"line":70,"column":0},"end":{"line":72,"column":2}},"11":{"start":{"line":71,"column":2},"end":{"line":71,"column":64}},"12":{"start":{"line":75,"column":0},"end":{"line":79,"column":2}},"13":{"start":{"line":76,"column":17},"end":{"line":76,"column":34}},"14":{"start":{"line":77,"column":2},"end":{"line":77,"column":25}},"15":{"start":{"line":78,"column":2},"end":{"line":78,"column":16}},"16":{"start":{"line":81,"column":0},"end":{"line":81,"column":22}}},"fnMap":{"0":{"name":"(anonymous_0)","decl":{"start":{"line":54,"column":18},"end":{"line":54,"column":19}},"loc":{"start":{"line":54,"column":34},"end":{"line":59,"column":5}},"line":54},"1":{"name":"(anonymous_1)","decl":{"start":{"line":60,"column":18},"end":{"line":60,"column":19}},"loc":{"start":{"line":60,"column":34},"end":{"line":65,"column":5}},"line":60},"2":{"name":"(anonymous_2)","decl":{"start":{"line":70,"column":33},"end":{"line":70,"column":34}},"loc":{"start":{"line":70,"column":67},"end":{"line":72,"column":1}},"line":70},"3":{"name":"(anonymous_3)","decl":{"start":{"line":75,"column":24},"end":{"line":75,"column":25}},"loc":{"start":{"line":75,"column":35},"end":{"line":79,"column":1}},"line":75}},"branchMap":{"0":{"loc":{"start":{"line":55,"column":6},"end":{"line":58,"column":7}},"type":"if","locations":[{"start":{"line":55,"column":6},"end":{"line":58,"column":7}},{"start":{},"end":{}}],"line":55},"1":{"loc":{"start":{"line":61,"column":6},"end":{"line":64,"column":7}},"type":"if","locations":[{"start":{"line":61,"column":6},"end":{"line":64,"column":7}},{"start":{},"end":{}}],"line":61}},"s":{"0":3,"1":3,"2":3,"3":3,"4":6,"5":6,"6":6,"7":0,"8":0,"9":0,"10":3,"11":5,"12":3,"13":13,"14":13,"15":13,"16":3},"f":{"0":6,"1":0,"2":5,"3":13},"b":{"0":[6,0],"1":[0,0]},"_coverageSchema":"1a1c01bbd47fc00a2c39e90264f33305004495a9","hash":"8b752398b3a04ce29f45ab9ec83d73527809fde0"}
,"/home/ubuntu/sistem-administrasi-kampus/backend/models/index.js": {"path":"/home/ubuntu/sistem-administrasi-kampus/backend/models/index.js","statementMap":{"0":{"start":{"line":1,"column":22},"end":{"line":1,"column":51}},"1":{"start":{"line":2,"column":13},"end":{"line":2,"column":30}},"2":{"start":{"line":3,"column":15},"end":{"line":3,"column":34}},"3":{"start":{"line":6,"column":0},"end":{"line":6,"column":62}},"4":{"start":{"line":7,"column":0},"end":{"line":7,"column":61}},"5":{"start":{"line":9,"column":0},"end":{"line":9,"column":69}},"6":{"start":{"line":10,"column":0},"end":{"line":10,"column":69}},"7":{"start":{"line":12,"column":15},"end":{"line":15,"column":1}},"8":{"start":{"line":18,"column":21},"end":{"line":25,"column":1}},"9":{"start":{"line":19,"column":2},"end":{"line":24,"column":3}},"10":{"start":{"line":20,"column":4},"end":{"line":20,"column":36}},"11":{"start":{"line":21,"column":4},"end":{"line":21,"column":57}},"12":{"start":{"line":23,"column":4},"end":{"line":23,"column":60}},"13":{"start":{"line":27,"column":0},"end":{"line":31,"column":2}}},"fnMap":{"0":{"name":"(anonymous_0)","decl":{"start":{"line":18,"column":21},"end":{"line":18,"column":22}},"loc":{"start":{"line":18,"column":46},"end":{"line":25,"column":1}},"line":18}},"branchMap":{"0":{"loc":{"start":{"line":18,"column":28},"end":{"line":18,"column":41}},"type":"default-arg","locations":[{"start":{"line":18,"column":36},"end":{"line":18,"column":41}}],"line":18}},"s":{"0":3,"1":3,"2":3,"3":3,"4":3,"5":3,"6":3,"7":3,"8":3,"9":3,"10":3,"11":3,"12":0,"13":3},"f":{"0":3},"b":{"0":[0]},"_coverageSchema":"1a1c01bbd47fc00a2c39e90264f33305004495a9","hash":"374d573f1912d9712856d65bb8d742c50406c448"}
,"/home/ubuntu/sistem-administrasi-kampus/backend/routes/authRoutes.js": {"path":"/home/ubuntu/sistem-administrasi-kampus/backend/routes/authRoutes.js","statementMap":{"0":{"start":{"line":1,"column":16},"end":{"line":1,"column":34}},"1":{"start":{"line":2,"column":15},"end":{"line":2,"column":31}},"2":{"start":{"line":8,"column":4},"end":{"line":8,"column":44}},"3":{"start":{"line":9,"column":25},"end":{"line":9,"column":54}},"4":{"start":{"line":13,"column":4},"end":{"line":13,"column":39}},"5":{"start":{"line":16,"column":0},"end":{"line":16,"column":55}},"6":{"start":{"line":17,"column":0},"end":{"line":17,"column":46}},"7":{"start":{"line":20,"column":0},"end":{"line":20,"column":39}},"8":{"start":{"line":21,"column":0},"end":{"line":21,"column":45}},"9":{"start":{"line":23,"column":0},"end":{"line":23,"column":24}}},"fnMap":{},"branchMap":{},"s":{"0":3,"1":3,"2":3,"3":3,"4":3,"5":3,"6":3,"7":3,"8":3,"9":3},"f":{},"b":{},"_coverageSchema":"1a1c01bbd47fc00a2c39e90264f33305004495a9","hash":"a3a62aeb7ee8dfaf8598a0c21e012a57837b0b6d"}
,"/home/ubuntu/sistem-administrasi-kampus/backend/routes/letterRoutes.js": {"path":"/home/ubuntu/sistem-administrasi-kampus/backend/routes/letterRoutes.js","statementMap":{"0":{"start":{"line":1,"column":16},"end":{"line":1,"column":34}},"1":{"start":{"line":2,"column":15},"end":{"line":2,"column":31}},"2":{"start":{"line":12,"column":4},"end":{"line":12,"column":46}},"3":{"start":{"line":13,"column":36},"end":{"line":13,"column":65}},"4":{"start":{"line":14,"column":17},"end":{"line":14,"column":45}},"5":{"start":{"line":15,"column":30},"end":{"line":15,"column":62}},"6":{"start":{"line":18,"column":31},"end":{"line":34,"column":1}},"7":{"start":{"line":37,"column":31},"end":{"line":48,"column":1}},"8":{"start":{"line":43,"column":6},"end":{"line":45,"column":7}},"9":{"start":{"line":44,"column":8},"end":{"line":44,"column":80}},"10":{"start":{"line":46,"column":6},"end":{"line":46,"column":18}},"11":{"start":{"line":51,"column":0},"end":{"line":58,"column":3}},"12":{"start":{"line":52,"column":2},"end":{"line":57,"column":5}},"13":{"start":{"line":61,"column":0},"end":{"line":61,"column":91}},"14":{"start":{"line":64,"column":0},"end":{"line":64,"column":42}},"15":{"start":{"line":67,"column":0},"end":{"line":67,"column":48}},"16":{"start":{"line":70,"column":0},"end":{"line":70,"column":118}},"17":{"start":{"line":73,"column":0},"end":{"line":73,"column":50}},"18":{"start":{"line":76,"column":0},"end":{"line":76,"column":95}},"19":{"start":{"line":77,"column":0},"end":{"line":77,"column":91}},"20":{"start":{"line":80,"column":0},"end":{"line":80,"column":98}},"21":{"start":{"line":82,"column":0},"end":{"line":82,"column":24}}},"fnMap":{"0":{"name":"(anonymous_0)","decl":{"start":{"line":42,"column":12},"end":{"line":42,"column":13}},"loc":{"start":{"line":42,"column":32},"end":{"line":47,"column":5}},"line":42},"1":{"name":"(anonymous_1)","decl":{"start":{"line":51,"column":35},"end":{"line":51,"column":36}},"loc":{"start":{"line":51,"column":49},"end":{"line":58,"column":1}},"line":51}},"branchMap":{"0":{"loc":{"start":{"line":43,"column":6},"end":{"line":45,"column":7}},"type":"if","locations":[{"start":{"line":43,"column":6},"end":{"line":45,"column":7}},{"start":{},"end":{}}],"line":43},"1":{"loc":{"start":{"line":43,"column":10},"end":{"line":43,"column":50}},"type":"binary-expr","locations":[{"start":{"line":43,"column":10},"end":{"line":43,"column":40}},{"start":{"line":43,"column":44},"end":{"line":43,"column":50}}],"line":43}},"s":{"0":3,"1":3,"2":3,"3":3,"4":3,"5":3,"6":3,"7":3,"8":14,"9":1,"10":13,"11":3,"12":1,"13":3,"14":3,"15":3,"16":3,"17":3,"18":3,"19":3,"20":3,"21":3},"f":{"0":14,"1":1},"b":{"0":[1,13],"1":[14,3]},"_coverageSchema":"1a1c01bbd47fc00a2c39e90264f33305004495a9","hash":"fe5a7bfecaa9a78971147dae6b82b956239027bd"}
,"/home/ubuntu/sistem-administrasi-kampus/backend/utils/jwt.js": {"path":"/home/ubuntu/sistem-administrasi-kampus/backend/utils/jwt.js","statementMap":{"0":{"start":{"line":1,"column":12},"end":{"line":1,"column":35}},"1":{"start":{"line":2,"column":0},"end":{"line":2,"column":27}},"2":{"start":{"line":4,"column":19},"end":{"line":4,"column":66}},"3":{"start":{"line":5,"column":19},"end":{"line":5,"column":49}},"4":{"start":{"line":12,"column":22},"end":{"line":16,"column":1}},"5":{"start":{"line":13,"column":2},"end":{"line":15,"column":5}},"6":{"start":{"line":23,"column":20},"end":{"line":29,"column":1}},"7":{"start":{"line":24,"column":2},"end":{"line":28,"column":3}},"8":{"start":{"line":25,"column":4},"end":{"line":25,"column":41}},"9":{"start":{"line":27,"column":4},"end":{"line":27,"column":48}},"10":{"start":{"line":31,"column":0},"end":{"line":34,"column":2}}},"fnMap":{"0":{"name":"(anonymous_0)","decl":{"start":{"line":12,"column":22},"end":{"line":12,"column":23}},"loc":{"start":{"line":12,"column":35},"end":{"line":16,"column":1}},"line":12},"1":{"name":"(anonymous_1)","decl":{"start":{"line":23,"column":20},"end":{"line":23,"column":21}},"loc":{"start":{"line":23,"column":31},"end":{"line":29,"column":1}},"line":23}},"branchMap":{"0":{"loc":{"start":{"line":4,"column":19},"end":{"line":4,"column":66}},"type":"binary-expr","locations":[{"start":{"line":4,"column":19},"end":{"line":4,"column":41}},{"start":{"line":4,"column":45},"end":{"line":4,"column":66}}],"line":4},"1":{"loc":{"start":{"line":5,"column":19},"end":{"line":5,"column":49}},"type":"binary-expr","locations":[{"start":{"line":5,"column":19},"end":{"line":5,"column":41}},{"start":{"line":5,"column":45},"end":{"line":5,"column":49}}],"line":5}},"s":{"0":3,"1":3,"2":3,"3":3,"4":3,"5":10,"6":3,"7":57,"8":57,"9":1,"10":3},"f":{"0":10,"1":57},"b":{"0":[3,0],"1":[3,0]},"_coverageSchema":"1a1c01bbd47fc00a2c39e90264f33305004495a9","hash":"b5b1258939d50822f95635b19f7592fece494afd"}
,"/home/ubuntu/sistem-administrasi-kampus/backend/utils/letterNumbering.js": {"path":"/home/ubuntu/sistem-administrasi-kampus/backend/utils/letterNumbering.js","statementMap":{"0":{"start":{"line":1,"column":19},"end":{"line":1,"column":39}},"1":{"start":{"line":2,"column":15},"end":{"line":2,"column":35}},"2":{"start":{"line":11,"column":29},"end":{"line":52,"column":1}},"3":{"start":{"line":12,"column":2},"end":{"line":51,"column":3}},"4":{"start":{"line":13,"column":16},"end":{"line":13,"column":26}},"5":{"start":{"line":14,"column":17},"end":{"line":14,"column":34}},"6":{"start":{"line":15,"column":18},"end":{"line":15,"column":61}},"7":{"start":{"line":18,"column":19},"end":{"line":18,"column":52}},"8":{"start":{"line":21,"column":23},"end":{"line":29,"column":6}},"9":{"start":{"line":31,"column":27},"end":{"line":31,"column":28}},"10":{"start":{"line":33,"column":4},"end":{"line":42,"column":5}},"11":{"start":{"line":35,"column":20},"end":{"line":35,"column":54}},"12":{"start":{"line":36,"column":6},"end":{"line":41,"column":7}},"13":{"start":{"line":37,"column":24},"end":{"line":37,"column":46}},"14":{"start":{"line":38,"column":8},"end":{"line":40,"column":9}},"15":{"start":{"line":39,"column":10},"end":{"line":39,"column":41}},"16":{"start":{"line":45,"column":25},"end":{"line":45,"column":66}},"17":{"start":{"line":47,"column":4},"end":{"line":47,"column":38}},"18":{"start":{"line":49,"column":4},"end":{"line":49,"column":60}},"19":{"start":{"line":50,"column":4},"end":{"line":50,"column":56}},"20":{"start":{"line":60,"column":27},"end":{"line":85,"column":1}},"21":{"start":{"line":61,"column":2},"end":{"line":84,"column":3}},"22":{"start":{"line":62,"column":19},"end":{"line":62,"column":50}},"23":{"start":{"line":64,"column":4},"end":{"line":66,"column":5}},"24":{"start":{"line":65,"column":6},"end":{"line":65,"column":42}},"25":{"start":{"line":68,"column":4},"end":{"line":70,"column":5}},"26":{"start":{"line":69,"column":6},"end":{"line":69,"column":72}},"27":{"start":{"line":72,"column":4},"end":{"line":74,"column":5}},"28":{"start":{"line":73,"column":6},"end":{"line":73,"column":62}},"29":{"start":{"line":76,"column":25},"end":{"line":76,"column":70}},"30":{"start":{"line":78,"column":4},"end":{"line":78,"column":42}},"31":{"start":{"line":80,"column":4},"end":{"line":80,"column":18}},"32":{"start":{"line":82,"column":4},"end":{"line":82,"column":59}},"33":{"start":{"line":83,"column":4},"end":{"line":83,"column":16}},"34":{"start":{"line":93,"column":27},"end":{"line":112,"column":1}},"35":{"start":{"line":94,"column":2},"end":{"line":111,"column":3}},"36":{"start":{"line":95,"column":19},"end":{"line":95,"column":50}},"37":{"start":{"line":97,"column":4},"end":{"line":99,"column":5}},"38":{"start":{"line":98,"column":6},"end":{"line":98,"column":42}},"39":{"start":{"line":101,"column":4},"end":{"line":103,"column":5}},"40":{"start":{"line":102,"column":6},"end":{"line":102,"column":64}},"41":{"start":{"line":105,"column":4},"end":{"line":105,"column":48}},"42":{"start":{"line":107,"column":4},"end":{"line":107,"column":18}},"43":{"start":{"line":109,"column":4},"end":{"line":109,"column":59}},"44":{"start":{"line":110,"column":4},"end":{"line":110,"column":16}},"45":{"start":{"line":121,"column":25},"end":{"line":150,"column":1}},"46":{"start":{"line":122,"column":2},"end":{"line":149,"column":3}},"47":{"start":{"line":123,"column":19},"end":{"line":123,"column":50}},"48":{"start":{"line":125,"column":4},"end":{"line":127,"column":5}},"49":{"start":{"line":126,"column":6},"end":{"line":126,"column":42}},"50":{"start":{"line":130,"column":27},"end":{"line":137,"column":6}},"51":{"start":{"line":139,"column":4},"end":{"line":141,"column":5}},"52":{"start":{"line":140,"column":6},"end":{"line":140,"column":54}},"53":{"start":{"line":143,"column":4},"end":{"line":143,"column":59}},"54":{"start":{"line":145,"column":4},"end":{"line":145,"column":18}},"55":{"start":{"line":147,"column":4},"end":{"line":147,"column":57}},"56":{"start":{"line":148,"column":4},"end":{"line":148,"column":16}},"57":{"start":{"line":158,"column":32},"end":{"line":200,"column":1}},"58":{"start":{"line":159,"column":2},"end":{"line":199,"column":3}},"59":{"start":{"line":160,"column":20},"end":{"line":167,"column":6}},"60":{"start":{"line":169,"column":18},"end":{"line":169,"column":20}},"61":{"start":{"line":171,"column":4},"end":{"line":189,"column":7}},"62":{"start":{"line":172,"column":6},"end":{"line":177,"column":7}},"63":{"start":{"line":173,"column":8},"end":{"line":176,"column":10}},"64":{"start":{"line":179,"column":6},"end":{"line":179,"column":39}},"65":{"start":{"line":182,"column":20},"end":{"line":182,"column":50}},"66":{"start":{"line":183,"column":6},"end":{"line":188,"column":7}},"67":{"start":{"line":184,"column":20},"end":{"line":184,"column":42}},"68":{"start":{"line":185,"column":8},"end":{"line":187,"column":9}},"69":{"start":{"line":186,"column":10},"end":{"line":186,"column":52}},"70":{"start":{"line":191,"column":4},"end":{"line":195,"column":6}},"71":{"start":{"line":197,"column":4},"end":{"line":197,"column":66}},"72":{"start":{"line":198,"column":4},"end":{"line":198,"column":16}},"73":{"start":{"line":202,"column":0},"end":{"line":208,"column":2}}},"fnMap":{"0":{"name":"(anonymous_0)","decl":{"start":{"line":11,"column":29},"end":{"line":11,"column":30}},"loc":{"start":{"line":11,"column":51},"end":{"line":52,"column":1}},"line":11},"1":{"name":"(anonymous_1)","decl":{"start":{"line":60,"column":27},"end":{"line":60,"column":28}},"loc":{"start":{"line":60,"column":47},"end":{"line":85,"column":1}},"line":60},"2":{"name":"(anonymous_2)","decl":{"start":{"line":93,"column":27},"end":{"line":93,"column":28}},"loc":{"start":{"line":93,"column":47},"end":{"line":112,"column":1}},"line":93},"3":{"name":"(anonymous_3)","decl":{"start":{"line":121,"column":25},"end":{"line":121,"column":26}},"loc":{"start":{"line":121,"column":62},"end":{"line":150,"column":1}},"line":121},"4":{"name":"(anonymous_4)","decl":{"start":{"line":158,"column":32},"end":{"line":158,"column":33}},"loc":{"start":{"line":158,"column":75},"end":{"line":200,"column":1}},"line":158},"5":{"name":"(anonymous_5)","decl":{"start":{"line":171,"column":20},"end":{"line":171,"column":21}},"loc":{"start":{"line":171,"column":30},"end":{"line":189,"column":5}},"line":171}},"branchMap":{"0":{"loc":{"start":{"line":33,"column":4},"end":{"line":42,"column":5}},"type":"if","locations":[{"start":{"line":33,"column":4},"end":{"line":42,"column":5}},{"start":{},"end":{}}],"line":33},"1":{"loc":{"start":{"line":33,"column":8},"end":{"line":33,"column":45}},"type":"binary-expr","locations":[{"start":{"line":33,"column":8},"end":{"line":33,"column":18}},{"start":{"line":33,"column":22},"end":{"line":33,"column":45}}],"line":33},"2":{"loc":{"start":{"line":36,"column":6},"end":{"line":41,"column":7}},"type":"if","locations":[{"start":{"line":36,"column":6},"end":{"line":41,"column":7}},{"start":{},"end":{}}],"line":36},"3":{"loc":{"start":{"line":38,"column":8},"end":{"line":40,"column":9}},"type":"if","locations":[{"start":{"line":38,"column":8},"end":{"line":40,"column":9}},{"start":{},"end":{}}],"line":38},"4":{"loc":{"start":{"line":64,"column":4},"end":{"line":66,"column":5}},"type":"if","locations":[{"start":{"line":64,"column":4},"end":{"line":66,"column":5}},{"start":{},"end":{}}],"line":64},"5":{"loc":{"start":{"line":68,"column":4},"end":{"line":70,"column":5}},"type":"if","locations":[{"start":{"line":68,"column":4},"end":{"line":70,"column":5}},{"start":{},"end":{}}],"line":68},"6":{"loc":{"start":{"line":72,"column":4},"end":{"line":74,"column":5}},"type":"if","locations":[{"start":{"line":72,"column":4},"end":{"line":74,"column":5}},{"start":{},"end":{}}],"line":72},"7":{"loc":{"start":{"line":97,"column":4},"end":{"line":99,"column":5}},"type":"if","locations":[{"start":{"line":97,"column":4},"end":{"line":99,"column":5}},{"start":{},"end":{}}],"line":97},"8":{"loc":{"start":{"line":101,"column":4},"end":{"line":103,"column":5}},"type":"if","locations":[{"start":{"line":101,"column":4},"end":{"line":103,"column":5}},{"start":{},"end":{}}],"line":101},"9":{"loc":{"start":{"line":125,"column":4},"end":{"line":127,"column":5}},"type":"if","locations":[{"start":{"line":125,"column":4},"end":{"line":127,"column":5}},{"start":{},"end":{}}],"line":125},"10":{"loc":{"start":{"line":139,"column":4},"end":{"line":141,"column":5}},"type":"if","locations":[{"start":{"line":139,"column":4},"end":{"line":141,"column":5}},{"start":{},"end":{}}],"line":139},"11":{"loc":{"start":{"line":158,"column":39},"end":{"line":158,"column":70}},"type":"default-arg","locations":[{"start":{"line":158,"column":46},"end":{"line":158,"column":70}}],"line":158},"12":{"loc":{"start":{"line":172,"column":6},"end":{"line":177,"column":7}},"type":"if","locations":[{"start":{"line":172,"column":6},"end":{"line":177,"column":7}},{"start":{},"end":{}}],"line":172},"13":{"loc":{"start":{"line":183,"column":6},"end":{"line":188,"column":7}},"type":"if","locations":[{"start":{"line":183,"column":6},"end":{"line":188,"column":7}},{"start":{},"end":{}}],"line":183},"14":{"loc":{"start":{"line":185,"column":8},"end":{"line":187,"column":9}},"type":"if","locations":[{"start":{"line":185,"column":8},"end":{"line":187,"column":9}},{"start":{},"end":{}}],"line":185},"15":{"loc":{"start":{"line":185,"column":12},"end":{"line":185,"column":93}},"type":"binary-expr","locations":[{"start":{"line":185,"column":12},"end":{"line":185,"column":48}},{"start":{"line":185,"column":52},"end":{"line":185,"column":93}}],"line":185}},"s":{"0":3,"1":3,"2":3,"3":16,"4":16,"5":16,"6":16,"7":16,"8":16,"9":16,"10":16,"11":10,"12":10,"13":10,"14":10,"15":10,"16":16,"17":16,"18":0,"19":0,"20":3,"21":11,"22":11,"23":11,"24":0,"25":11,"26":0,"27":11,"28":0,"29":11,"30":11,"31":11,"32":0,"33":0,"34":3,"35":1,"36":1,"37":1,"38":0,"39":1,"40":0,"41":1,"42":1,"43":0,"44":0,"45":3,"46":2,"47":2,"48":2,"49":0,"50":2,"51":2,"52":1,"53":1,"54":1,"55":1,"56":1,"57":3,"58":2,"59":2,"60":2,"61":2,"62":18,"63":6,"64":18,"65":18,"66":18,"67":18,"68":18,"69":14,"70":2,"71":0,"72":0,"73":3},"f":{"0":16,"1":11,"2":1,"3":2,"4":2,"5":18},"b":{"0":[10,6],"1":[16,10],"2":[10,0],"3":[10,0],"4":[0,11],"5":[0,11],"6":[0,11],"7":[0,1],"8":[0,1],"9":[0,2],"10":[1,1],"11":[1],"12":[6,12],"13":[18,0],"14":[14,4],"15":[18,12]},"_coverageSchema":"1a1c01bbd47fc00a2c39e90264f33305004495a9","hash":"37fcc5851aa9d748dacc1175815699ca1c8a1518"}
}
