TN:
SF:server.js
FN:30,(anonymous_0)
FN:42,(anonymous_1)
FN:50,(anonymous_2)
FN:60,(anonymous_3)
FN:65,(anonymous_4)
FNF:5
FNH:1
FNDA:1,(anonymous_0)
FNDA:0,(anonymous_1)
FNDA:0,(anonymous_2)
FNDA:0,(anonymous_3)
FNDA:0,(anonymous_4)
DA:1,1
DA:2,1
DA:3,1
DA:4,1
DA:5,1
DA:7,1
DA:8,1
DA:10,1
DA:11,1
DA:14,1
DA:15,1
DA:18,1
DA:23,1
DA:26,1
DA:27,1
DA:30,1
DA:31,1
DA:39,1
DA:42,1
DA:43,0
DA:50,1
DA:51,0
DA:52,0
DA:60,1
DA:61,0
DA:62,0
DA:63,0
DA:65,0
DA:66,0
DA:67,0
DA:68,0
DA:71,0
DA:72,0
DA:77,1
DA:78,0
DA:81,1
LF:36
LH:23
BRDA:11,0,0,1
BRDA:11,0,1,0
BRDA:19,1,0,1
BRDA:19,1,1,0
BRDA:20,2,0,1
BRDA:20,2,1,0
BRDA:52,3,0,0
BRDA:52,3,1,0
BRDA:54,4,0,0
BRDA:54,4,1,0
BRDA:55,5,0,0
BRDA:55,5,1,0
BRDA:77,6,0,0
BRDA:77,6,1,1
BRF:14
BRH:4
end_of_record
TN:
SF:config/database.js
FN:16,(anonymous_0)
FNF:1
FNH:0
FNDA:0,(anonymous_0)
DA:1,1
DA:2,1
DA:5,1
DA:16,1
DA:17,0
DA:18,0
DA:19,0
DA:21,0
DA:25,1
LF:9
LH:5
BRF:0
BRH:0
end_of_record
TN:
SF:controllers/authController.js
FN:9,(anonymous_0)
FN:90,(anonymous_1)
FN:155,(anonymous_2)
FN:177,(anonymous_3)
FNF:4
FNH:4
FNDA:4,(anonymous_0)
FNDA:6,(anonymous_1)
FNDA:3,(anonymous_2)
FNDA:1,(anonymous_3)
DA:1,1
DA:2,1
DA:3,1
DA:9,1
DA:10,4
DA:12,4
DA:13,4
DA:14,1
DA:21,3
DA:24,3
DA:25,3
DA:26,1
DA:33,2
DA:34,1
DA:35,1
DA:36,0
DA:44,2
DA:45,0
DA:46,0
DA:47,0
DA:55,2
DA:66,2
DA:68,2
DA:77,0
DA:78,0
DA:90,1
DA:91,6
DA:93,6
DA:94,6
DA:95,0
DA:102,6
DA:105,6
DA:106,6
DA:107,1
DA:114,5
DA:115,0
DA:122,5
DA:123,5
DA:124,1
DA:131,4
DA:133,4
DA:142,0
DA:143,0
DA:155,1
DA:156,3
DA:157,3
DA:164,0
DA:165,0
DA:177,1
DA:178,1
DA:183,1
DA:188,0
DA:189,0
DA:197,1
LF:54
LH:40
BRDA:13,0,0,1
BRDA:13,0,1,3
BRDA:25,1,0,1
BRDA:25,1,1,2
BRDA:33,2,0,1
BRDA:33,2,1,1
BRDA:35,3,0,0
BRDA:35,3,1,1
BRDA:44,4,0,0
BRDA:44,4,1,2
BRDA:46,5,0,0
BRDA:46,5,1,0
BRDA:59,6,0,2
BRDA:59,6,1,0
BRDA:94,7,0,0
BRDA:94,7,1,6
BRDA:106,8,0,1
BRDA:106,8,1,5
BRDA:114,9,0,0
BRDA:114,9,1,5
BRDA:123,10,0,1
BRDA:123,10,1,4
BRF:22
BRH:15
end_of_record
TN:
SF:middleware/auth.js
FN:7,(anonymous_0)
FN:50,(anonymous_1)
FN:51,(anonymous_2)
FNF:3
FNH:1
FNDA:7,(anonymous_0)
FNDA:0,(anonymous_1)
FNDA:0,(anonymous_2)
DA:1,1
DA:2,1
DA:7,1
DA:8,7
DA:10,7
DA:12,7
DA:13,2
DA:19,5
DA:22,5
DA:25,4
DA:27,4
DA:28,0
DA:35,4
DA:36,4
DA:38,1
DA:50,1
DA:51,0
DA:52,0
DA:53,0
DA:59,0
DA:60,0
DA:66,0
DA:70,1
LF:23
LH:16
BRDA:12,0,0,2
BRDA:12,0,1,5
BRDA:12,1,0,7
BRDA:12,1,1,5
BRDA:27,2,0,0
BRDA:27,2,1,4
BRDA:27,3,0,4
BRDA:27,3,1,4
BRDA:52,4,0,0
BRDA:52,4,1,0
BRDA:59,5,0,0
BRDA:59,5,1,0
BRF:12
BRH:7
end_of_record
TN:
SF:middleware/validators.js
FNF:0
FNH:0
DA:1,1
DA:6,1
DA:43,1
DA:53,1
LF:4
LH:4
BRF:0
BRH:0
end_of_record
TN:
SF:models/User.js
FN:54,(anonymous_0)
FN:60,(anonymous_1)
FN:70,(anonymous_2)
FN:75,(anonymous_3)
FNF:4
FNH:3
FNDA:2,(anonymous_0)
FNDA:0,(anonymous_1)
FNDA:5,(anonymous_2)
FNDA:9,(anonymous_3)
DA:1,1
DA:2,1
DA:3,1
DA:5,1
DA:55,2
DA:56,2
DA:57,2
DA:61,0
DA:62,0
DA:63,0
DA:70,1
DA:71,5
DA:75,1
DA:76,9
DA:77,9
DA:78,9
DA:81,1
LF:17
LH:14
BRDA:55,0,0,2
BRDA:55,0,1,0
BRDA:61,1,0,0
BRDA:61,1,1,0
BRF:4
BRH:1
end_of_record
TN:
SF:models/index.js
FN:10,(anonymous_0)
FNF:1
FNH:1
FNDA:1,(anonymous_0)
DA:1,1
DA:2,1
DA:5,1
DA:10,1
DA:11,1
DA:12,1
DA:13,1
DA:15,0
DA:19,1
LF:9
LH:8
BRDA:10,0,0,0
BRF:1
BRH:0
end_of_record
TN:
SF:routes/authRoutes.js
FNF:0
FNH:0
DA:1,1
DA:2,1
DA:8,1
DA:9,1
DA:13,1
DA:16,1
DA:17,1
DA:20,1
DA:21,1
DA:23,1
LF:10
LH:10
BRF:0
BRH:0
end_of_record
TN:
SF:utils/jwt.js
FN:12,(anonymous_0)
FN:23,(anonymous_1)
FNF:2
FNH:2
FNDA:6,(anonymous_0)
FNDA:5,(anonymous_1)
DA:1,1
DA:2,1
DA:4,1
DA:5,1
DA:12,1
DA:13,6
DA:23,1
DA:24,5
DA:25,5
DA:27,1
DA:31,1
LF:11
LH:11
BRDA:4,0,0,1
BRDA:4,0,1,0
BRDA:5,1,0,1
BRDA:5,1,1,0
BRF:4
BRH:2
end_of_record
