TN:
SF:server.js
FN:31,(anonymous_0)
FN:44,(anonymous_1)
FN:52,(anonymous_2)
FN:62,(anonymous_3)
FN:67,(anonymous_4)
FNF:5
FNH:1
FNDA:1,(anonymous_0)
FNDA:0,(anonymous_1)
FNDA:0,(anonymous_2)
FNDA:0,(anonymous_3)
FNDA:0,(anonymous_4)
DA:1,3
DA:2,3
DA:3,3
DA:4,3
DA:5,3
DA:7,3
DA:8,3
DA:9,3
DA:11,3
DA:12,3
DA:15,3
DA:16,3
DA:19,3
DA:24,3
DA:27,3
DA:28,3
DA:31,3
DA:32,1
DA:40,3
DA:41,3
DA:44,3
DA:45,0
DA:52,3
DA:53,0
DA:54,0
DA:62,3
DA:63,0
DA:64,0
DA:65,0
DA:67,0
DA:68,0
DA:69,0
DA:70,0
DA:73,0
DA:74,0
DA:79,3
DA:80,0
DA:83,3
LF:38
LH:25
BRDA:12,0,0,3
BRDA:12,0,1,0
BRDA:20,1,0,3
BRDA:20,1,1,0
BRDA:21,2,0,3
BRDA:21,2,1,0
BRDA:54,3,0,0
BRDA:54,3,1,0
BRDA:56,4,0,0
BRDA:56,4,1,0
BRDA:57,5,0,0
BRDA:57,5,1,0
BRDA:79,6,0,0
BRDA:79,6,1,3
BRF:14
BRH:4
end_of_record
TN:
SF:config/database.js
FN:16,(anonymous_0)
FNF:1
FNH:0
FNDA:0,(anonymous_0)
DA:1,3
DA:2,3
DA:5,3
DA:16,3
DA:17,0
DA:18,0
DA:19,0
DA:21,0
DA:25,3
LF:9
LH:5
BRF:0
BRH:0
end_of_record
TN:
SF:config/letterTypes.js
FN:200,(anonymous_0)
FN:201,(anonymous_1)
FN:208,(anonymous_2)
FN:217,(anonymous_3)
FN:218,(anonymous_4)
FNF:5
FNH:5
FNDA:21,(anonymous_0)
FNDA:471,(anonymous_1)
FNDA:1,(anonymous_2)
FNDA:20,(anonymous_3)
FNDA:440,(anonymous_4)
DA:6,3
DA:200,3
DA:201,471
DA:208,3
DA:209,1
DA:217,3
DA:218,440
DA:221,3
LF:8
LH:8
BRDA:201,0,0,21
BRDA:201,0,1,0
BRF:2
BRH:1
end_of_record
TN:
SF:controllers/authController.js
FN:9,(anonymous_0)
FN:90,(anonymous_1)
FN:155,(anonymous_2)
FN:177,(anonymous_3)
FNF:4
FNH:4
FNDA:8,(anonymous_0)
FNDA:6,(anonymous_1)
FNDA:3,(anonymous_2)
FNDA:1,(anonymous_3)
DA:1,3
DA:2,3
DA:3,3
DA:9,3
DA:10,8
DA:12,8
DA:13,8
DA:14,1
DA:21,7
DA:24,7
DA:25,7
DA:26,1
DA:33,6
DA:34,3
DA:35,3
DA:36,0
DA:44,6
DA:45,2
DA:46,2
DA:47,0
DA:55,6
DA:66,6
DA:68,6
DA:77,0
DA:78,0
DA:90,3
DA:91,6
DA:93,6
DA:94,6
DA:95,0
DA:102,6
DA:105,6
DA:106,6
DA:107,1
DA:114,5
DA:115,0
DA:122,5
DA:123,5
DA:124,1
DA:131,4
DA:133,4
DA:142,0
DA:143,0
DA:155,3
DA:156,3
DA:157,3
DA:164,0
DA:165,0
DA:177,3
DA:178,1
DA:183,1
DA:188,0
DA:189,0
DA:197,3
LF:54
LH:42
BRDA:13,0,0,1
BRDA:13,0,1,7
BRDA:25,1,0,1
BRDA:25,1,1,6
BRDA:33,2,0,3
BRDA:33,2,1,3
BRDA:35,3,0,0
BRDA:35,3,1,3
BRDA:44,4,0,2
BRDA:44,4,1,4
BRDA:46,5,0,0
BRDA:46,5,1,2
BRDA:59,6,0,6
BRDA:59,6,1,0
BRDA:94,7,0,0
BRDA:94,7,1,6
BRDA:106,8,0,1
BRDA:106,8,1,5
BRDA:114,9,0,0
BRDA:114,9,1,5
BRDA:123,10,0,1
BRDA:123,10,1,4
BRF:22
BRH:17
end_of_record
TN:
SF:controllers/letterController.js
FN:10,(anonymous_0)
FN:38,(anonymous_1)
FN:93,(anonymous_2)
FN:167,(anonymous_3)
FN:231,(anonymous_4)
FN:339,(anonymous_5)
FN:396,(anonymous_6)
FN:420,(anonymous_7)
FN:452,(anonymous_8)
FNF:9
FNH:9
FNDA:20,(anonymous_0)
FNDA:25,(anonymous_1)
FNDA:3,(anonymous_2)
FNDA:3,(anonymous_3)
FNDA:14,(anonymous_4)
FNDA:2,(anonymous_5)
FNDA:1,(anonymous_6)
FNDA:2,(anonymous_7)
FNDA:2,(anonymous_8)
DA:1,3
DA:2,3
DA:3,3
DA:4,3
DA:10,3
DA:11,20
DA:13,20
DA:14,20
DA:15,0
DA:22,20
DA:25,20
DA:26,1
DA:33,19
DA:36,19
DA:37,19
DA:38,25
DA:41,19
DA:42,1
DA:51,18
DA:61,18
DA:71,18
DA:80,0
DA:81,0
DA:93,3
DA:94,3
DA:95,3
DA:96,3
DA:99,3
DA:102,3
DA:103,1
DA:106,3
DA:107,1
DA:110,3
DA:111,0
DA:115,3
DA:141,3
DA:154,0
DA:155,0
DA:167,3
DA:168,3
DA:169,3
DA:171,3
DA:193,3
DA:194,1
DA:201,2
DA:202,0
DA:208,2
DA:210,2
DA:218,0
DA:219,0
DA:231,3
DA:232,14
DA:233,14
DA:234,14
DA:237,14
DA:238,14
DA:239,1
DA:247,13
DA:248,0
DA:254,13
DA:256,13
DA:257,0
DA:264,13
DA:265,0
DA:272,13
DA:274,13
DA:275,11
DA:276,11
DA:277,2
DA:278,2
DA:279,2
DA:280,2
DA:283,13
DA:286,13
DA:287,11
DA:288,11
DA:290,0
DA:296,13
DA:318,13
DA:326,0
DA:327,0
DA:339,3
DA:340,2
DA:341,2
DA:343,2
DA:345,2
DA:346,0
DA:353,2
DA:354,0
DA:361,2
DA:362,1
DA:368,1
DA:370,1
DA:375,0
DA:376,0
DA:384,3
DA:396,3
DA:397,1
DA:398,1
DA:400,1
DA:402,1
DA:408,0
DA:409,0
DA:420,3
DA:421,2
DA:422,2
DA:423,2
DA:425,2
DA:426,0
DA:432,2
DA:434,1
DA:440,1
DA:441,1
DA:452,3
DA:453,2
DA:454,2
DA:455,2
DA:457,2
DA:462,0
DA:463,0
DA:471,3
LF:121
LH:97
BRDA:14,0,0,0
BRDA:14,0,1,20
BRDA:25,1,0,1
BRDA:25,1,1,19
BRDA:36,2,0,19
BRDA:36,2,1,0
BRDA:36,3,0,19
BRDA:36,3,1,19
BRDA:38,4,0,25
BRDA:38,4,1,25
BRDA:41,5,0,1
BRDA:41,5,1,18
BRDA:95,6,0,3
BRDA:95,7,0,3
BRDA:102,8,0,1
BRDA:102,8,1,2
BRDA:106,9,0,1
BRDA:106,9,1,2
BRDA:110,10,0,0
BRDA:110,10,1,3
BRDA:193,11,0,1
BRDA:193,11,1,2
BRDA:201,12,0,0
BRDA:201,12,1,2
BRDA:201,13,0,2
BRDA:201,13,1,1
BRDA:238,14,0,1
BRDA:238,14,1,13
BRDA:247,15,0,0
BRDA:247,15,1,13
BRDA:256,16,0,0
BRDA:256,16,1,13
BRDA:264,17,0,0
BRDA:264,17,1,13
BRDA:274,18,0,11
BRDA:274,18,1,2
BRDA:277,19,0,2
BRDA:277,19,1,0
BRDA:286,20,0,11
BRDA:286,20,1,2
BRDA:345,21,0,0
BRDA:345,21,1,2
BRDA:353,22,0,0
BRDA:353,22,1,2
BRDA:353,23,0,2
BRDA:353,23,1,2
BRDA:361,24,0,1
BRDA:361,24,1,1
BRDA:411,25,0,0
BRDA:411,25,1,0
BRDA:425,26,0,0
BRDA:425,26,1,2
BRDA:443,27,0,1
BRDA:443,27,1,0
BRDA:455,28,0,1
BRDA:455,28,1,1
BRF:56
BRH:42
end_of_record
TN:
SF:middleware/auth.js
FN:7,(anonymous_0)
FN:50,(anonymous_1)
FN:51,(anonymous_2)
FNF:3
FNH:3
FNDA:60,(anonymous_0)
FNDA:15,(anonymous_1)
FNDA:43,(anonymous_2)
DA:1,3
DA:2,3
DA:7,3
DA:8,60
DA:10,60
DA:12,60
DA:13,3
DA:19,57
DA:22,57
DA:25,56
DA:27,56
DA:28,0
DA:35,56
DA:36,56
DA:38,1
DA:50,3
DA:51,15
DA:52,43
DA:53,0
DA:59,43
DA:60,4
DA:66,39
DA:70,3
LF:23
LH:21
BRDA:12,0,0,3
BRDA:12,0,1,57
BRDA:12,1,0,60
BRDA:12,1,1,57
BRDA:27,2,0,0
BRDA:27,2,1,56
BRDA:27,3,0,56
BRDA:27,3,1,56
BRDA:52,4,0,0
BRDA:52,4,1,43
BRDA:59,5,0,4
BRDA:59,5,1,39
BRF:12
BRH:10
end_of_record
TN:
SF:middleware/validators.js
FNF:0
FNH:0
DA:1,3
DA:6,3
DA:43,3
DA:53,3
LF:4
LH:4
BRF:0
BRH:0
end_of_record
TN:
SF:models/Letter.js
FNF:0
FNH:0
DA:1,3
DA:2,3
DA:4,3
DA:92,3
LF:4
LH:4
BRF:0
BRH:0
end_of_record
TN:
SF:models/User.js
FN:54,(anonymous_0)
FN:60,(anonymous_1)
FN:70,(anonymous_2)
FN:75,(anonymous_3)
FNF:4
FNH:3
FNDA:6,(anonymous_0)
FNDA:0,(anonymous_1)
FNDA:5,(anonymous_2)
FNDA:13,(anonymous_3)
DA:1,3
DA:2,3
DA:3,3
DA:5,3
DA:55,6
DA:56,6
DA:57,6
DA:61,0
DA:62,0
DA:63,0
DA:70,3
DA:71,5
DA:75,3
DA:76,13
DA:77,13
DA:78,13
DA:81,3
LF:17
LH:14
BRDA:55,0,0,6
BRDA:55,0,1,0
BRDA:61,1,0,0
BRDA:61,1,1,0
BRF:4
BRH:1
end_of_record
TN:
SF:models/index.js
FN:18,(anonymous_0)
FNF:1
FNH:1
FNDA:3,(anonymous_0)
DA:1,3
DA:2,3
DA:3,3
DA:6,3
DA:7,3
DA:9,3
DA:10,3
DA:12,3
DA:18,3
DA:19,3
DA:20,3
DA:21,3
DA:23,0
DA:27,3
LF:14
LH:13
BRDA:18,0,0,0
BRF:1
BRH:0
end_of_record
TN:
SF:routes/authRoutes.js
FNF:0
FNH:0
DA:1,3
DA:2,3
DA:8,3
DA:9,3
DA:13,3
DA:16,3
DA:17,3
DA:20,3
DA:21,3
DA:23,3
LF:10
LH:10
BRF:0
BRH:0
end_of_record
TN:
SF:routes/letterRoutes.js
FN:42,(anonymous_0)
FN:51,(anonymous_1)
FNF:2
FNH:2
FNDA:14,(anonymous_0)
FNDA:1,(anonymous_1)
DA:1,3
DA:2,3
DA:12,3
DA:13,3
DA:14,3
DA:15,3
DA:18,3
DA:37,3
DA:43,14
DA:44,1
DA:46,13
DA:51,3
DA:52,1
DA:61,3
DA:64,3
DA:67,3
DA:70,3
DA:73,3
DA:76,3
DA:77,3
DA:80,3
DA:82,3
LF:22
LH:22
BRDA:43,0,0,1
BRDA:43,0,1,13
BRDA:43,1,0,14
BRDA:43,1,1,3
BRF:4
BRH:4
end_of_record
TN:
SF:utils/jwt.js
FN:12,(anonymous_0)
FN:23,(anonymous_1)
FNF:2
FNH:2
FNDA:10,(anonymous_0)
FNDA:57,(anonymous_1)
DA:1,3
DA:2,3
DA:4,3
DA:5,3
DA:12,3
DA:13,10
DA:23,3
DA:24,57
DA:25,57
DA:27,1
DA:31,3
LF:11
LH:11
BRDA:4,0,0,3
BRDA:4,0,1,0
BRDA:5,1,0,3
BRDA:5,1,1,0
BRF:4
BRH:2
end_of_record
TN:
SF:utils/letterNumbering.js
FN:11,(anonymous_0)
FN:60,(anonymous_1)
FN:93,(anonymous_2)
FN:121,(anonymous_3)
FN:158,(anonymous_4)
FN:171,(anonymous_5)
FNF:6
FNH:6
FNDA:16,(anonymous_0)
FNDA:11,(anonymous_1)
FNDA:1,(anonymous_2)
FNDA:2,(anonymous_3)
FNDA:2,(anonymous_4)
FNDA:18,(anonymous_5)
DA:1,3
DA:2,3
DA:11,3
DA:12,16
DA:13,16
DA:14,16
DA:15,16
DA:18,16
DA:21,16
DA:31,16
DA:33,16
DA:35,10
DA:36,10
DA:37,10
DA:38,10
DA:39,10
DA:45,16
DA:47,16
DA:49,0
DA:50,0
DA:60,3
DA:61,11
DA:62,11
DA:64,11
DA:65,0
DA:68,11
DA:69,0
DA:72,11
DA:73,0
DA:76,11
DA:78,11
DA:80,11
DA:82,0
DA:83,0
DA:93,3
DA:94,1
DA:95,1
DA:97,1
DA:98,0
DA:101,1
DA:102,0
DA:105,1
DA:107,1
DA:109,0
DA:110,0
DA:121,3
DA:122,2
DA:123,2
DA:125,2
DA:126,0
DA:130,2
DA:139,2
DA:140,1
DA:143,1
DA:145,1
DA:147,1
DA:148,1
DA:158,3
DA:159,2
DA:160,2
DA:169,2
DA:171,2
DA:172,18
DA:173,6
DA:179,18
DA:182,18
DA:183,18
DA:184,18
DA:185,18
DA:186,14
DA:191,2
DA:197,0
DA:198,0
DA:202,3
LF:74
LH:60
BRDA:33,0,0,10
BRDA:33,0,1,6
BRDA:33,1,0,16
BRDA:33,1,1,10
BRDA:36,2,0,10
BRDA:36,2,1,0
BRDA:38,3,0,10
BRDA:38,3,1,0
BRDA:64,4,0,0
BRDA:64,4,1,11
BRDA:68,5,0,0
BRDA:68,5,1,11
BRDA:72,6,0,0
BRDA:72,6,1,11
BRDA:97,7,0,0
BRDA:97,7,1,1
BRDA:101,8,0,0
BRDA:101,8,1,1
BRDA:125,9,0,0
BRDA:125,9,1,2
BRDA:139,10,0,1
BRDA:139,10,1,1
BRDA:158,11,0,1
BRDA:172,12,0,6
BRDA:172,12,1,12
BRDA:183,13,0,18
BRDA:183,13,1,0
BRDA:185,14,0,14
BRDA:185,14,1,4
BRDA:185,15,0,18
BRDA:185,15,1,12
BRF:31
BRH:22
end_of_record
